<?xml version="1.0" encoding="UTF-8"?>
<!-- Generated by org.testng.reporters.JUnitReportReporter -->
<testsuite skipped="0" hostname="IN5CD94237KD" name="Mccm.Pega.OSF.PegaTest.OSFAPICallCaptResponseTest" tests="1" failures="0" timestamp="2021-06-17T19:30:18 IST" time="3.019" errors="0">
  <testcase name="VerifyOSFCaptureResponseOutcomeAPIcallSuccessfully" time="3.019" classname="Mccm.Pega.OSF.PegaTest.OSFAPICallCaptResponseTest"/>
  <system-out/>
</testsuite> <!-- Mccm.Pega.OSF.PegaTest.OSFAPICallCaptResponseTest -->
