<?xml version="1.0" encoding="UTF-8"?>
<!-- Generated by org.testng.reporters.JUnitReportReporter -->
<testsuite skipped="0" hostname="INSGH045PMS0" name="Mccm.Unix.Inbound.App_Inbound_KIASEPOS_Test" tests="1" failures="0" timestamp="2020-10-09T17:18:56 IST" time="35.091" errors="0">
  <testcase name="VerifyKIASEPOSFileLoadSuccessfully" time="35.091" classname="Mccm.Unix.Inbound.App_Inbound_KIASEPOS_Test"/>
  <system-out/>
</testsuite> <!-- Mccm.Unix.Inbound.App_Inbound_KIASEPOS_Test -->
