<?xml version="1.0" encoding="UTF-8"?>
<!-- Generated by org.testng.reporters.JUnitReportReporter -->
<testsuite skipped="0" hostname="IN5CD94237KD" name="Mccm.Pega.Outbound.PegaTest.HomePageTest1" tests="1" failures="0" timestamp="2021-02-19T11:57:06 IST" time="116.659" errors="0">
  <testcase name="VerifyDynamicSystemSettingSuccessfully" time="116.659" classname="Mccm.Pega.Outbound.PegaTest.HomePageTest1"/>
  <system-out/>
</testsuite> <!-- Mccm.Pega.Outbound.PegaTest.HomePageTest1 -->
