<?xml version="1.0" encoding="UTF-8"?>
<!-- Generated by org.testng.reporters.JUnitReportReporter -->
<testsuite skipped="0" hostname="INSGH045PMS0" name="Mccm.Pega.DMPRealTime.PegaTest.CalcNBAandStartOfferFlowTest" tests="1" failures="0" timestamp="2020-11-23T15:06:57 IST" time="3.617" errors="0">
  <testcase name="VerifyDMPRTPNBAMobHashedAPIcallSuccessfully" time="3.617" classname="Mccm.Pega.DMPRealTime.PegaTest.CalcNBAandStartOfferFlowTest"/>
  <system-out/>
</testsuite> <!-- Mccm.Pega.DMPRealTime.PegaTest.CalcNBAandStartOfferFlowTest -->
