<?xml version="1.0" encoding="UTF-8"?>
<!-- Generated by org.testng.reporters.JUnitReportReporter -->
<testsuite skipped="0" hostname="INSGH045PMS0" name="Mccm.Pega.CalcNBAandStartOfferFlow.PegaTest.PegamarktCalcNBAandStartOffTest" tests="1" failures="0" timestamp="2020-12-30T19:00:34 IST" time="136.464" errors="0">
  <testcase name="VerifyCalcNBAandStartOfferRunSuccessfully" time="136.464" classname="Mccm.Pega.CalcNBAandStartOfferFlow.PegaTest.PegamarktCalcNBAandStartOffTest"/>
  <system-out/>
</testsuite> <!-- Mccm.Pega.CalcNBAandStartOfferFlow.PegaTest.PegamarktCalcNBAandStartOffTest -->
