<?xml version="1.0" encoding="UTF-8"?>
<!-- Generated by org.testng.reporters.JUnitReportReporter -->
<testsuite skipped="1" hostname="IN5CD94237KD" name="Mccm.Pega.Outbound.PegaTest.NBAOutboundValdtnTest" tests="2" failures="0" timestamp="2021-03-25T17:37:20 IST" time="76.124" errors="1">
  <testcase name="setup" time="76.124" classname="Mccm.Pega.Outbound.PegaTest.NBAOutboundValdtnTest">
    <error type="java.lang.OutOfMemoryError" message="GC overhead limit exceeded">
      <![CDATA[java.lang.OutOfMemoryError: GC overhead limit exceeded
]]>
    </error>
  </testcase> <!-- setup -->
  <system-out/>
  <testcase name="VerifyOutboundNBABatchProcessCompletedSuccessfully" time="0.000" classname="Mccm.Pega.Outbound.PegaTest.NBAOutboundValdtnTest">
    <skipped/>
  </testcase> <!-- VerifyOutboundNBABatchProcessCompletedSuccessfully -->
  <system-out/>
</testsuite> <!-- Mccm.Pega.Outbound.PegaTest.NBAOutboundValdtnTest -->
