<?xml version="1.0" encoding="UTF-8"?>
<!-- Generated by org.testng.reporters.JUnitReportReporter -->
<testsuite skipped="0" hostname="INSGH045PMS0" name="Mccm.Pega.DMPRealTime.PegaTest.PegamarktDMPrealtimeTest" tests="1" failures="0" timestamp="2020-11-25T12:44:54 IST" time="350.148" errors="0">
  <testcase name="VerifyDMPrealtimeRunSuccessfully" time="350.148" classname="Mccm.Pega.DMPRealTime.PegaTest.PegamarktDMPrealtimeTest"/>
  <system-out/>
</testsuite> <!-- Mccm.Pega.DMPRealTime.PegaTest.PegamarktDMPrealtimeTest -->
