<?xml version="1.0" encoding="UTF-8"?>
<!-- Generated by org.testng.reporters.JUnitReportReporter -->
<testsuite skipped="0" hostname="INSGH045PMS0" name="Mccm.Pega.CalcNBAandStartOfferFlow.PegaTest.CalcNBAandStartOfferFlowTest" tests="1" failures="0" timestamp="2020-11-23T16:46:44 IST" time="1.220" errors="0">
  <testcase name="VerifyCalcNBAandStartOfferFlowAPIcallSuccessfully" time="1.220" classname="Mccm.Pega.CalcNBAandStartOfferFlow.PegaTest.CalcNBAandStartOfferFlowTest"/>
  <system-out/>
</testsuite> <!-- Mccm.Pega.CalcNBAandStartOfferFlow.PegaTest.CalcNBAandStartOfferFlowTest -->
