<?xml version="1.0" encoding="UTF-8"?>
<!-- Generated by org.testng.reporters.JUnitReportReporter -->
<testsuite skipped="0" hostname="INSGH045PMS0" name="Mccm.Pega.Outbound.PegaTest.ExtractChannelFileTest" tests="1" failures="0" timestamp="2020-12-22T16:27:45 IST" time="51.821" errors="0">
  <testcase name="VerifyExtractChannelFileCheckSuccessfully" time="51.821" classname="Mccm.Pega.Outbound.PegaTest.ExtractChannelFileTest"/>
  <system-out/>
</testsuite> <!-- Mccm.Pega.Outbound.PegaTest.ExtractChannelFileTest -->
