<?xml version="1.0" encoding="UTF-8"?>
<!-- Generated by org.testng.reporters.JUnitReportReporter -->
<testsuite skipped="0" hostname="INSGH045PMS0" name="Mccm.Pega.Outbound.PegaTest.LoginPageTest" tests="3" failures="0" timestamp="2021-01-18T13:00:56 IST" time="35.760" errors="0">
  <testcase name="VerifyLoginPageTitleTest" time="6.574" classname="Mccm.Pega.Outbound.PegaTest.LoginPageTest"/>
  <testcase name="VerifyPegaLogoTest" time="8.911" classname="Mccm.Pega.Outbound.PegaTest.LoginPageTest"/>
  <testcase name="VerifyLoginSuccessfulTest" time="20.275" classname="Mccm.Pega.Outbound.PegaTest.LoginPageTest"/>
</testsuite> <!-- Mccm.Pega.Outbound.PegaTest.LoginPageTest -->
