<?xml version="1.0" encoding="UTF-8"?>
<!-- Generated by org.testng.reporters.JUnitReportReporter -->
<testsuite skipped="0" hostname="IN5CD94237KD" name="Mccm.Unix.Outbound.App_Unix_Outbound_Extract_Test" tests="1" failures="0" timestamp="2021-07-07T15:43:43 IST" time="18.351" errors="0">
  <testcase name="VerifyOutboundExtracDataLoadedSuccessfully" time="18.351" classname="Mccm.Unix.Outbound.App_Unix_Outbound_Extract_Test"/>
  <system-out/>
</testsuite> <!-- Mccm.Unix.Outbound.App_Unix_Outbound_Extract_Test -->
