<?xml version="1.0" encoding="UTF-8"?>
<!-- Generated by org.testng.reporters.JUnitReportReporter -->
<testsuite skipped="0" hostname="INSGH045PMS0" name="DemoEtEFlow.Testcase.PreCheckValidRunID" tests="1" failures="0" timestamp="2020-11-02T17:39:18 IST" time="78.647" errors="0">
  <testcase name="prechek" time="78.647" classname="DemoEtEFlow.Testcase.PreCheckValidRunID"/>
  <system-out/>
</testsuite> <!-- DemoEtEFlow.Testcase.PreCheckValidRunID -->
