<?xml version="1.0" encoding="UTF-8"?>
<!-- Generated by org.testng.reporters.JUnitReportReporter -->
<testsuite skipped="0" hostname="IN5CD94237KD" name="Mccm.Pega.OSF.PegaTest.OSFDMCCMSettingTest" tests="1" failures="0" timestamp="2021-02-19T12:16:02 IST" time="35.595" errors="0">
  <testcase name="VerifyOSFDMCCMSettingDSSSuccessfully" time="35.595" classname="Mccm.Pega.OSF.PegaTest.OSFDMCCMSettingTest"/>
  <system-out/>
</testsuite> <!-- Mccm.Pega.OSF.PegaTest.OSFDMCCMSettingTest -->
