<?xml version="1.0" encoding="UTF-8"?>
<!-- Generated by org.testng.reporters.JUnitReportReporter -->
<testsuite skipped="0" hostname="IN5CD94237KD" name="Mccm.Pega.OSF.PegaTest.PegaOSFOutcomeAcceptedAPIVldTest" tests="1" failures="0" timestamp="2021-06-14T11:32:30 IST" time="109.082" errors="0">
  <testcase name="VerifyOSFOutcomeAPIAcceptedValidationRunSuccessfully" time="109.082" classname="Mccm.Pega.OSF.PegaTest.PegaOSFOutcomeAcceptedAPIVldTest"/>
  <system-out/>
</testsuite> <!-- Mccm.Pega.OSF.PegaTest.PegaOSFOutcomeAcceptedAPIVldTest -->
