<?xml version="1.0" encoding="UTF-8"?>
<!-- Generated by org.testng.reporters.JUnitReportReporter -->
<testsuite hostname="IN-PF2HW06P" failures="0" tests="1" name="Mccm.Unix.Outbound.App_Unix_Outbound_Extract_Test" time="23.343" errors="0" timestamp="2021-07-09T11:51:20 IST" skipped="0">
  <testcase classname="Mccm.Unix.Outbound.App_Unix_Outbound_Extract_Test" name="VerifyOutboundExtracDataLoadedSuccessfully" time="23.343"/>
  <system-out/>
</testsuite> <!-- Mccm.Unix.Outbound.App_Unix_Outbound_Extract_Test -->
