<?xml version="1.0" encoding="UTF-8"?>
<!-- Generated by org.testng.reporters.JUnitReportReporter -->
<testsuite skipped="0" hostname="IN5CD94237KD" name="Mccm.Unix.Inbound.App_Inbound_OnlineShop_Test" tests="1" failures="0" timestamp="2021-06-11T11:06:30 IST" time="33.838" errors="0">
  <testcase name="VerifyInboundONLINESHOPFileLoadSuccessfully" time="33.838" classname="Mccm.Unix.Inbound.App_Inbound_OnlineShop_Test"/>
  <system-out/>
</testsuite> <!-- Mccm.Unix.Inbound.App_Inbound_OnlineShop_Test -->
