<?xml version="1.0" encoding="UTF-8"?>
<!-- Generated by org.testng.reporters.JUnitReportReporter -->
<testsuite skipped="0" hostname="IN5CD94237KD" name="Mccm.Pega.Outbound.PegaTest.DataLoadDetailsTest" tests="1" failures="0" timestamp="2021-04-29T15:54:06 IST" time="113.832" errors="0">
  <testcase name="VerifyOutboundOracleCansadraDataLoadedSuccessfully" time="113.832" classname="Mccm.Pega.Outbound.PegaTest.DataLoadDetailsTest"/>
  <system-out/>
</testsuite> <!-- Mccm.Pega.Outbound.PegaTest.DataLoadDetailsTest -->
