<?xml version="1.0" encoding="UTF-8"?>
<!-- Generated by org.testng.reporters.JUnitReportReporter -->
<testsuite hostname="IN-PF2HW06P" failures="0" tests="2" name="Mccm.Pega.OSF.PegaTest.OSF_ProcessFeedback_ErrorCasesTest" time="1.655" errors="0" timestamp="2021-07-09T13:19:34 IST" skipped="0">
  <testcase classname="Mccm.Pega.OSF.PegaTest.OSF_ProcessFeedback_ErrorCasesTest" name="VerifyOSFCaptureResponseOutcomeAPIcallSuccessfully" time="1.414"/>
  <system-out/>
  <testcase classname="Mccm.Pega.OSF.PegaTest.OSF_ProcessFeedback_ErrorCasesTest" name="VerifyOSFCaptureResponseOutcomeAPIcallSuccessfully" time="0.241"/>
  <system-out/>
</testsuite> <!-- Mccm.Pega.OSF.PegaTest.OSF_ProcessFeedback_ErrorCasesTest -->
