<?xml version="1.0" encoding="UTF-8"?>
<!-- Generated by org.testng.reporters.JUnitReportReporter -->
<testsuite skipped="0" hostname="INSGH045PMS0" name="Mccm.Unix.Outbound.App_Unix_Outbound_Test" tests="1" failures="0" timestamp="2020-10-19T20:54:33 IST" time="277.608" errors="0">
  <testcase name="VerifyDBDataLoadedSuccessfully" time="277.608" classname="Mccm.Unix.Outbound.App_Unix_Outbound_Test"/>
  <system-out/>
</testsuite> <!-- Mccm.Unix.Outbound.App_Unix_Outbound_Test -->
