<?xml version="1.0" encoding="UTF-8"?>
<!-- Generated by org.testng.reporters.JUnitReportReporter -->
<testsuite skipped="0" hostname="INSGH045PMS0" name="Mccm.Unix.Outbound.PreDataSetup_DBLoad_Test" tests="1" failures="0" timestamp="2020-11-30T12:51:59 IST" time="3.813" errors="0">
  <testcase name="VerifyPreDatasetupDBLoadsuccessfully" time="3.813" classname="Mccm.Unix.Outbound.PreDataSetup_DBLoad_Test"/>
  <system-out/>
</testsuite> <!-- Mccm.Unix.Outbound.PreDataSetup_DBLoad_Test -->
