<?xml version="1.0" encoding="UTF-8"?>
<!-- Generated by org.testng.reporters.JUnitReportReporter -->
<testsuite skipped="0" hostname="INSGH045PMS0" name="Mccm.Pega.OSF.PegaTest.OSFAPICallGetNBRmovFbCdStgyTest" tests="1" failures="0" timestamp="2020-11-27T18:32:41 IST" time="21.572" errors="0">
  <testcase name="VerifyOSFGetNBARemovFeedbackCodesStrategyAPIcallSuccessfully" time="21.572" classname="Mccm.Pega.OSF.PegaTest.OSFAPICallGetNBRmovFbCdStgyTest"/>
  <system-out/>
</testsuite> <!-- Mccm.Pega.OSF.PegaTest.OSFAPICallGetNBRmovFbCdStgyTest -->
