<?xml version="1.0" encoding="UTF-8"?>
<!-- Generated by org.testng.reporters.JUnitReportReporter -->
<testsuite skipped="0" hostname="INSGH045PMS0" name="Demo.APIRestful.DemoDMPRTNBARestAPI" tests="1" failures="0" timestamp="2020-11-23T15:00:06 IST" time="3.792" errors="0">
  <testcase name="test" time="3.792" classname="Demo.APIRestful.DemoDMPRTNBARestAPI"/>
  <system-out/>
</testsuite> <!-- Demo.APIRestful.DemoDMPRTNBARestAPI -->
