<?xml version="1.0" encoding="UTF-8"?>
<!-- Generated by org.testng.reporters.JUnitReportReporter -->
<testsuite skipped="0" hostname="IN5CD94237KD" name="Mccm.Pega.Outbound.PegaTest.ExtractChannelFileTest" tests="1" failures="0" timestamp="2021-06-29T10:54:59 IST" time="78.976" errors="0">
  <testcase name="VerifyOutboundExtractChannelFileCheckSuccessfully" time="78.976" classname="Mccm.Pega.Outbound.PegaTest.ExtractChannelFileTest"/>
  <system-out/>
</testsuite> <!-- Mccm.Pega.Outbound.PegaTest.ExtractChannelFileTest -->
