<?xml version="1.0" encoding="UTF-8"?>
<!-- Generated by org.testng.reporters.JUnitReportReporter -->
<testsuite skipped="0" hostname="INSGH045PMS0" name="Mccm.Pega.OSF.PegaTest.OSFAPICallGetNBAAddFdCdStgyTest" tests="1" failures="0" timestamp="2020-11-27T16:53:03 IST" time="3.645" errors="0">
  <testcase name="VerifyOSFAddingFeedbackCodesStrategyAPIcallSuccessfully" time="3.645" classname="Mccm.Pega.OSF.PegaTest.OSFAPICallGetNBAAddFdCdStgyTest"/>
  <system-out/>
</testsuite> <!-- Mccm.Pega.OSF.PegaTest.OSFAPICallGetNBAAddFdCdStgyTest -->
