<?xml version="1.0" encoding="UTF-8"?>
<!-- Generated by org.testng.reporters.JUnitReportReporter -->
<testsuite skipped="0" hostname="IN5CD94237KD" name="Mccm.Pega.OSF.PegaTest.OSFAPICallProFdUpdShpCrtIDTest" tests="1" failures="0" timestamp="2021-03-22T15:42:51 IST" time="2.895" errors="0">
  <testcase name="VerifyOSFUpdate_ShoppingCartID_InteractionHistoryAPIcallSuccessfully" time="2.895" classname="Mccm.Pega.OSF.PegaTest.OSFAPICallProFdUpdShpCrtIDTest"/>
  <system-out/>
</testsuite> <!-- Mccm.Pega.OSF.PegaTest.OSFAPICallProFdUpdShpCrtIDTest -->
