<?xml version="1.0" encoding="UTF-8"?>
<!-- Generated by org.testng.reporters.JUnitReportReporter -->
<testsuite skipped="0" hostname="INSGH045PMS0" name="Mccm.Unix.Outbound.App_Unix_Outbound_Test" tests="1" failures="0" timestamp="2020-11-30T12:45:08 IST" time="239.691" errors="0">
  <testcase name="VerifyDBDataLoadedSuccessfully" time="239.691" classname="Mccm.Unix.Outbound.App_Unix_Outbound_Test"/>
  <system-out/>
</testsuite> <!-- Mccm.Unix.Outbound.App_Unix_Outbound_Test -->
