<?xml version="1.0" encoding="UTF-8"?>
<!-- Generated by org.testng.reporters.JUnitReportReporter -->
<testsuite skipped="0" hostname="INSGH045PMS0" name="Mccm.Pega.CalcNBAandStartOfferFlow.PegaTest.APICallCalcNBAStOffFlowMobSubTest" tests="1" failures="0" timestamp="2021-01-05T17:15:05 IST" time="21.745" errors="0">
  <testcase name="VerifyCalcNBAandStartOfferFlowMobileSubscrAPIcallSuccessfully" time="21.745" classname="Mccm.Pega.CalcNBAandStartOfferFlow.PegaTest.APICallCalcNBAStOffFlowMobSubTest"/>
  <system-out/>
</testsuite> <!-- Mccm.Pega.CalcNBAandStartOfferFlow.PegaTest.APICallCalcNBAStOffFlowMobSubTest -->
