<?xml version="1.0" encoding="UTF-8"?>
<!-- Generated by org.testng.reporters.JUnitReportReporter -->
<testsuite skipped="0" hostname="INSGH045PMS0" name="Mccm.Pega.Outbound.PegaTest.PegaMrktNBAValuChkTest" tests="1" failures="0" timestamp="2020-10-01T12:10:43 IST" time="113.067" errors="0">
  <testcase name="VerifyNBACampValueTestSuccessfully" time="113.067" classname="Mccm.Pega.Outbound.PegaTest.PegaMrktNBAValuChkTest"/>
  <system-out/>
</testsuite> <!-- Mccm.Pega.Outbound.PegaTest.PegaMrktNBAValuChkTest -->
