<?xml version="1.0" encoding="UTF-8"?>
<!-- Generated by org.testng.reporters.JUnitReportReporter -->
<testsuite skipped="0" hostname="INSGH045PMS0" name="Mccm.RESTful.APICall.DMPRTPNBAProOfferRlts" tests="1" failures="0" timestamp="2020-11-27T16:15:06 IST" time="3.316" errors="0">
  <testcase name="VerifyDMPRTPNBAMobHashedAPIcallSuccessfully" time="3.316" classname="Mccm.RESTful.APICall.DMPRTPNBAProOfferRlts"/>
  <system-out/>
</testsuite> <!-- Mccm.RESTful.APICall.DMPRTPNBAProOfferRlts -->
