<?xml version="1.0" encoding="UTF-8"?>
<!-- Generated by org.testng.reporters.JUnitReportReporter -->
<testsuite skipped="0" hostname="INSGH045PMS0" name="Mccm.Pega.Outbound.PegaTest.PegaPreChkValidCampCdTest" tests="1" failures="0" timestamp="2020-11-25T11:57:18 IST" time="300.664" errors="0">
  <testcase name="VerifyPreCheckNBACampCodeValueValidSuccessfully" time="300.664" classname="Mccm.Pega.Outbound.PegaTest.PegaPreChkValidCampCdTest"/>
  <system-out/>
</testsuite> <!-- Mccm.Pega.Outbound.PegaTest.PegaPreChkValidCampCdTest -->
