<?xml version="1.0" encoding="UTF-8"?>
<!-- Generated by org.testng.reporters.JUnitReportReporter -->
<testsuite skipped="0" hostname="IN5CD94237KD" name="Mccm.Pega.Outbound.PegaTest.ExtractChannelFileTest" tests="1" failures="0" timestamp="2021-02-09T15:26:23 IST" time="43.470" errors="0">
  <testcase name="VerifyExtractChannelFileCheckSuccessfully" time="43.470" classname="Mccm.Pega.Outbound.PegaTest.ExtractChannelFileTest"/>
  <system-out/>
</testsuite> <!-- Mccm.Pega.Outbound.PegaTest.ExtractChannelFileTest -->
