<?xml version="1.0" encoding="UTF-8"?>
<!-- Generated by org.testng.reporters.JUnitReportReporter -->
<testsuite skipped="0" hostname="IN5CD94237KD" name="Mccm.Pega.Outbound.PegaTest.PegaMrktNBAReSchdTest" tests="1" failures="0" timestamp="2021-02-09T17:30:38 IST" time="223.369" errors="0">
  <testcase name="VerifyNBACampReScheduleRunSuccessfully" time="223.369" classname="Mccm.Pega.Outbound.PegaTest.PegaMrktNBAReSchdTest"/>
  <system-out/>
</testsuite> <!-- Mccm.Pega.Outbound.PegaTest.PegaMrktNBAReSchdTest -->
