<?xml version="1.0" encoding="UTF-8"?>
<!-- Generated by org.testng.reporters.JUnitReportReporter -->
<testsuite hostname="IN-5CG1042LMR" failures="0" tests="4" name="Mccm.Pega.OSF.PegaTest.OSF_CaptureResponse_ErrorCasesTest" time="5.887" errors="0" timestamp="2021-07-08T15:00:07 IST" skipped="0">
  <testcase classname="Mccm.Pega.OSF.PegaTest.OSF_CaptureResponse_ErrorCasesTest" name="VerifyOSFCaptureResponseOutcomeAPIcallSuccessfully" time="2.042"/>
  <system-out/>
  <testcase classname="Mccm.Pega.OSF.PegaTest.OSF_CaptureResponse_ErrorCasesTest" name="VerifyOSFCaptureResponseOutcomeAPIcallSuccessfully" time="2.819"/>
  <system-out/>
  <testcase classname="Mccm.Pega.OSF.PegaTest.OSF_CaptureResponse_ErrorCasesTest" name="VerifyOSFCaptureResponseOutcomeAPIcallSuccessfully" time="0.513"/>
  <system-out/>
  <testcase classname="Mccm.Pega.OSF.PegaTest.OSF_CaptureResponse_ErrorCasesTest" name="VerifyOSFCaptureResponseOutcomeAPIcallSuccessfully" time="0.513"/>
  <system-out/>
</testsuite> <!-- Mccm.Pega.OSF.PegaTest.OSF_CaptureResponse_ErrorCasesTest -->
