<?xml version="1.0" encoding="UTF-8"?>
<!-- Generated by org.testng.reporters.JUnitReportReporter -->
<testsuite skipped="0" hostname="IN5CD94237KD" name="Mccm.Pega.Outbound.PegaTest.PegamarktingTest" tests="1" failures="0" timestamp="2021-06-24T13:52:58 IST" time="902.395" errors="0">
  <testcase name="VerifyOutboundNBACampaignRunSuccessfully" time="902.395" classname="Mccm.Pega.Outbound.PegaTest.PegamarktingTest"/>
  <system-out/>
</testsuite> <!-- Mccm.Pega.Outbound.PegaTest.PegamarktingTest -->
