<?xml version="1.0" encoding="UTF-8"?>
<!-- Generated by org.testng.reporters.JUnitReportReporter -->
<testsuite skipped="0" hostname="IN5CD94237KD" name="Mccm.Pega.OSF.PegaTest.PegamarktOSFTest" tests="1" failures="0" timestamp="2021-02-24T15:05:16 IST" time="254.747" errors="0">
  <testcase name="VerifyOSFNBACampRunSuccessfully" time="254.747" classname="Mccm.Pega.OSF.PegaTest.PegamarktOSFTest"/>
  <system-out/>
</testsuite> <!-- Mccm.Pega.OSF.PegaTest.PegamarktOSFTest -->
