<?xml version="1.0" encoding="UTF-8"?>
<!-- Generated by org.testng.reporters.JUnitReportReporter -->
<testsuite skipped="0" hostname="INSGH045PMS0" name="Mccm.Unix.Outbound.App_Unix_Outbound_Test" tests="1" failures="0" timestamp="2020-10-28T20:57:11 IST" time="215.220" errors="0">
  <testcase name="VerifyDBDataLoadedSuccessfully" time="215.220" classname="Mccm.Unix.Outbound.App_Unix_Outbound_Test"/>
  <system-out/>
</testsuite> <!-- Mccm.Unix.Outbound.App_Unix_Outbound_Test -->
