<?xml version="1.0" encoding="UTF-8"?>
<!-- Generated by org.testng.reporters.JUnitReportReporter -->
<testsuite skipped="0" hostname="INSGH045PMS0" name="Mccm.Pega.Outbound.PegaTest.HomePageTest" tests="1" failures="0" timestamp="2020-10-20T13:46:34 IST" time="232.924" errors="0">
  <testcase name="VerifyDynamicSystemSettingSuccessfully" time="232.924" classname="Mccm.Pega.Outbound.PegaTest.HomePageTest"/>
  <system-out/>
</testsuite> <!-- Mccm.Pega.Outbound.PegaTest.HomePageTest -->
