<?xml version="1.0" encoding="UTF-8"?>
<!-- Generated by org.testng.reporters.JUnitReportReporter -->
<testsuite skipped="0" hostname="INSGH045PMS0" name="Mccm.Pega.Outbound.PegaTest.PegaPreChkValidCampCdTest" tests="1" failures="0" timestamp="2021-01-18T18:14:35 IST" time="301.299" errors="0">
  <testcase name="VerifyPreCheckNBACampCodeValueValidSuccessfully" time="301.299" classname="Mccm.Pega.Outbound.PegaTest.PegaPreChkValidCampCdTest"/>
</testsuite> <!-- Mccm.Pega.Outbound.PegaTest.PegaPreChkValidCampCdTest -->
