<?xml version="1.0" encoding="UTF-8"?>
<!-- Generated by org.testng.reporters.JUnitReportReporter -->
<testsuite hostname="IN-5CG1042LMR" failures="0" tests="2" name="Mccm.Pega.OSF.PegaTest.OSF_ProcessFeedback_ErrorCasesTest" time="3.214" errors="0" timestamp="2021-07-08T15:00:43 IST" skipped="0">
  <testcase classname="Mccm.Pega.OSF.PegaTest.OSF_ProcessFeedback_ErrorCasesTest" name="VerifyOSFCaptureResponseOutcomeAPIcallSuccessfully" time="2.689"/>
  <system-out/>
  <testcase classname="Mccm.Pega.OSF.PegaTest.OSF_ProcessFeedback_ErrorCasesTest" name="VerifyOSFCaptureResponseOutcomeAPIcallSuccessfully" time="0.525"/>
  <system-out/>
</testsuite> <!-- Mccm.Pega.OSF.PegaTest.OSF_ProcessFeedback_ErrorCasesTest -->
