<?xml version="1.0" encoding="UTF-8"?>
<!-- Generated by org.testng.reporters.JUnitReportReporter -->
<testsuite skipped="0" hostname="INSGH045PMS0" name="DemoEtEFlow.Testcase.PageMrktEtoEFlowReSchduOtbd" tests="1" failures="0" timestamp="2020-11-02T10:40:11 IST" time="29.315" errors="0">
  <testcase name="NBABatchReschdeleCampaignSuccessfull" time="29.315" classname="DemoEtEFlow.Testcase.PageMrktEtoEFlowReSchduOtbd"/>
  <system-out/>
</testsuite> <!-- DemoEtEFlow.Testcase.PageMrktEtoEFlowReSchduOtbd -->
