<?xml version="1.0" encoding="UTF-8"?>
<!-- Generated by org.testng.reporters.JUnitReportReporter -->
<testsuite skipped="0" hostname="IN5CD94237KD" name="Mccm.Pega.Outbound.PegaTest.DataLoadDetailsTest" tests="1" failures="0" timestamp="2021-06-11T18:07:57 IST" time="62.564" errors="0">
  <testcase name="VerifyOutboundOracleCansadraDataLoadedSuccessfully" time="62.564" classname="Mccm.Pega.Outbound.PegaTest.DataLoadDetailsTest"/>
  <system-out/>
</testsuite> <!-- Mccm.Pega.Outbound.PegaTest.DataLoadDetailsTest -->
