<?xml version="1.0" encoding="UTF-8"?>
<!-- Generated by org.testng.reporters.JUnitReportReporter -->
<testsuite skipped="0" hostname="INSGH045PMS0" name="Mccm.Unix.Outbound.PreDataSetup_DBLoad_Test" tests="1" failures="0" timestamp="2020-12-03T19:17:59 IST" time="4.373" errors="0">
  <testcase name="VerifyPreDatasetupDBLoadsuccessfully" time="4.373" classname="Mccm.Unix.Outbound.PreDataSetup_DBLoad_Test"/>
  <system-out/>
</testsuite> <!-- Mccm.Unix.Outbound.PreDataSetup_DBLoad_Test -->
