<?xml version="1.0" encoding="UTF-8"?>
<!-- Generated by org.testng.reporters.JUnitReportReporter -->
<testsuite skipped="0" hostname="IN5CD94237KD" name="Mccm.Unix.Outbound.App_Unix_Outbound_Test" tests="1" failures="0" timestamp="2021-04-29T15:39:55 IST" time="296.996" errors="0">
  <testcase name="VerifyOutboundDBDataLoadedSuccessfully" time="296.996" classname="Mccm.Unix.Outbound.App_Unix_Outbound_Test"/>
  <system-out/>
</testsuite> <!-- Mccm.Unix.Outbound.App_Unix_Outbound_Test -->
