<?xml version="1.0" encoding="UTF-8"?>
<!-- Generated by org.testng.reporters.JUnitReportReporter -->
<testsuite skipped="0" hostname="INSGH045PMS0" name="Mccm.Pega.DMPRealTime.PegaTest.DMPRTPNBAProOffRltsTest" tests="1" failures="0" timestamp="2020-11-18T15:22:10 IST" time="0.517" errors="0">
  <testcase name="VerifyDMPRTPNBAMobHashedAPIcallSuccessfully" time="0.517" classname="Mccm.Pega.DMPRealTime.PegaTest.DMPRTPNBAProOffRltsTest"/>
  <system-out/>
</testsuite> <!-- Mccm.Pega.DMPRealTime.PegaTest.DMPRTPNBAProOffRltsTest -->
