<?xml version="1.0" encoding="UTF-8"?>
<!-- Generated by org.testng.reporters.JUnitReportReporter -->
<testsuite skipped="0" hostname="IN5CD94237KD" name="Mccm.Pega.DMPRealTime.PegaTest.DMPRTPNBAProOffRltsTest" tests="1" failures="0" timestamp="2021-05-03T15:32:59 IST" time="3.320" errors="0">
  <testcase name="VerifyDMPRTProcessOffResltsAPIcallSuccessfully" time="3.320" classname="Mccm.Pega.DMPRealTime.PegaTest.DMPRTPNBAProOffRltsTest"/>
  <system-out/>
</testsuite> <!-- Mccm.Pega.DMPRealTime.PegaTest.DMPRTPNBAProOffRltsTest -->
