<?xml version="1.0" encoding="UTF-8"?>
<!-- Generated by org.testng.reporters.JUnitReportReporter -->
<testsuite skipped="0" hostname="INSGH045PMS0" name="Mccm.Pega.OSF.PegaTest.OSFAPICallGetNBRmovSomeFbCdStgyTest" tests="1" failures="0" timestamp="2020-11-27T18:41:44 IST" time="3.155" errors="0">
  <testcase name="VerifyOSFGetNBARemovSomeFeedbackCodesStrategyAPIcallSuccessfully" time="3.155" classname="Mccm.Pega.OSF.PegaTest.OSFAPICallGetNBRmovSomeFbCdStgyTest"/>
  <system-out/>
</testsuite> <!-- Mccm.Pega.OSF.PegaTest.OSFAPICallGetNBRmovSomeFbCdStgyTest -->
