<?xml version="1.0" encoding="UTF-8"?>
<!-- Generated by org.testng.reporters.JUnitReportReporter -->
<testsuite hostname="IN-PF2HW06P" failures="0" tests="4" name="Mccm.Pega.OSF.PegaTest.OSF_CaptureResponse_ErrorCasesTest" time="2.295" errors="0" timestamp="2021-07-09T11:15:57 IST" skipped="0">
  <testcase classname="Mccm.Pega.OSF.PegaTest.OSF_CaptureResponse_ErrorCasesTest" name="VerifyOSFCaptureResponseOutcomeAPIcallSuccessfully" time="0.267"/>
  <system-out/>
  <testcase classname="Mccm.Pega.OSF.PegaTest.OSF_CaptureResponse_ErrorCasesTest" name="VerifyOSFCaptureResponseOutcomeAPIcallSuccessfully" time="1.526"/>
  <system-out/>
  <testcase classname="Mccm.Pega.OSF.PegaTest.OSF_CaptureResponse_ErrorCasesTest" name="VerifyOSFCaptureResponseOutcomeAPIcallSuccessfully" time="0.227"/>
  <system-out/>
  <testcase classname="Mccm.Pega.OSF.PegaTest.OSF_CaptureResponse_ErrorCasesTest" name="VerifyOSFCaptureResponseOutcomeAPIcallSuccessfully" time="0.275"/>
  <system-out/>
</testsuite> <!-- Mccm.Pega.OSF.PegaTest.OSF_CaptureResponse_ErrorCasesTest -->
