<?xml version="1.0" encoding="UTF-8"?>
<!-- Generated by org.testng.reporters.JUnitReportReporter -->
<testsuite skipped="0" hostname="INSGH045PMS0" name="Demo.APIRestful.DemoDMPRTProcessOfferResult" tests="1" failures="0" timestamp="2020-11-23T14:58:40 IST" time="7.609" errors="0">
  <testcase name="test" time="7.609" classname="Demo.APIRestful.DemoDMPRTProcessOfferResult"/>
  <system-out/>
</testsuite> <!-- Demo.APIRestful.DemoDMPRTProcessOfferResult -->
