<?xml version="1.0" encoding="UTF-8"?>
<!-- Generated by org.testng.reporters.JUnitReportReporter -->
<testsuite skipped="0" hostname="IN5CD94237KD" name="Mccm.Pega.OSF.PegaTest.PegaOSFOutcomeSaveOffAPIVldTest" tests="1" failures="0" timestamp="2021-05-31T18:36:46 IST" time="54.328" errors="0">
  <testcase name="VerifyOSFOutcomeAPISaveOffValidationRunSuccessfully" time="54.328" classname="Mccm.Pega.OSF.PegaTest.PegaOSFOutcomeSaveOffAPIVldTest"/>
  <system-out/>
</testsuite> <!-- Mccm.Pega.OSF.PegaTest.PegaOSFOutcomeSaveOffAPIVldTest -->
