<?xml version="1.0" encoding="UTF-8"?>
<!-- Generated by org.testng.reporters.JUnitReportReporter -->
<testsuite skipped="0" hostname="INSGH045PMS0" name="Mccm.Pega.DMPRealTime.PegaTest.DMPRTPNBAMobHashTest" tests="1" failures="0" timestamp="2020-12-23T11:35:32 IST" time="18.183" errors="0">
  <testcase name="VerifyDMPRTPNBAMobHashedAPIcallSuccessfully" time="18.183" classname="Mccm.Pega.DMPRealTime.PegaTest.DMPRTPNBAMobHashTest"/>
  <system-out/>
</testsuite> <!-- Mccm.Pega.DMPRealTime.PegaTest.DMPRTPNBAMobHashTest -->
