<?xml version="1.0" encoding="UTF-8"?>
<!-- Generated by org.testng.reporters.JUnitReportReporter -->
<testsuite skipped="0" hostname="IN5CD94237KD" name="Mccm.Pega.OSF.PegaTest.OSFAPICallCaptResponseTest" tests="1" failures="0" timestamp="2021-03-19T14:41:24 IST" time="0.005" errors="0">
  <testcase name="VerifyOSFCaptureOutcomeResponseAPIcallSuccessfully" time="0.005" classname="Mccm.Pega.OSF.PegaTest.OSFAPICallCaptResponseTest"/>
  <system-out/>
</testsuite> <!-- Mccm.Pega.OSF.PegaTest.OSFAPICallCaptResponseTest -->
