<?xml version="1.0" encoding="UTF-8"?>
<!-- Generated by org.testng.reporters.JUnitReportReporter -->
<testsuite skipped="0" hostname="IN5CD94237KD" name="Mccm.Pega.OSF.PegaTest.PegaOSFDMCCMSettingTest" tests="1" failures="0" timestamp="2021-05-20T19:53:30 IST" time="741.616" errors="0">
  <testcase name="VerifyOSFDynamicSystemSettingRunSuccessfully" time="741.616" classname="Mccm.Pega.OSF.PegaTest.PegaOSFDMCCMSettingTest"/>
  <system-out/>
</testsuite> <!-- Mccm.Pega.OSF.PegaTest.PegaOSFDMCCMSettingTest -->
