<?xml version="1.0" encoding="UTF-8"?>
<!-- Generated by org.testng.reporters.JUnitReportReporter -->
<testsuite skipped="0" hostname="IN5CD94237KD" name="Mccm.Pega.DMPRealTime.PegaTest.DMPRTPNBAMobHashTest" tests="1" failures="0" timestamp="2021-06-17T17:02:09 IST" time="1.354" errors="0">
  <testcase name="VerifyDMPRTPNBAMobHashedAPIcallSuccessfully" time="1.354" classname="Mccm.Pega.DMPRealTime.PegaTest.DMPRTPNBAMobHashTest"/>
  <system-out/>
</testsuite> <!-- Mccm.Pega.DMPRealTime.PegaTest.DMPRTPNBAMobHashTest -->
