<?xml version="1.0" encoding="UTF-8"?>
<!-- Generated by org.testng.reporters.JUnitReportReporter -->
<testsuite skipped="0" hostname="IN5CD94237KD" name="Mccm.Unix.Outbound.Convertdate_script_Test" tests="1" failures="0" timestamp="2021-05-14T19:57:32 IST" time="3.486" errors="0">
  <testcase name="VerifyOutboundPreDatasetupDBLoadsuccessfully" time="3.486" classname="Mccm.Unix.Outbound.Convertdate_script_Test"/>
  <system-out/>
</testsuite> <!-- Mccm.Unix.Outbound.Convertdate_script_Test -->
