<?xml version="1.0" encoding="UTF-8"?>
<!-- Generated by org.testng.reporters.JUnitReportReporter -->
<testsuite skipped="0" hostname="IN5CD94237KD" name="Mccm.Pega.Outbound.PegaTest.DataLoadDetailsTest" tests="1" failures="0" timestamp="2021-07-08T11:29:44 IST" time="67.008" errors="0">
  <testcase name="VerifyOutboundOracleCansadraDataLoadedSuccessfully" time="67.008" classname="Mccm.Pega.Outbound.PegaTest.DataLoadDetailsTest"/>
  <system-out/>
</testsuite> <!-- Mccm.Pega.Outbound.PegaTest.DataLoadDetailsTest -->
