<?xml version="1.0" encoding="UTF-8"?>
<!-- Generated by org.testng.reporters.JUnitReportReporter -->
<testsuite skipped="0" hostname="INSGH045PMS0" name="DemoEtEFlow.Testcase.test1" tests="1" failures="0" timestamp="2020-11-01T16:10:24 IST" time="0.011" errors="0">
  <testcase name="prechek" time="0.011" classname="DemoEtEFlow.Testcase.test1"/>
  <system-out/>
</testsuite> <!-- DemoEtEFlow.Testcase.test1 -->
