<?xml version="1.0" encoding="UTF-8"?>
<!-- Generated by org.testng.reporters.JUnitReportReporter -->
<testsuite skipped="0" hostname="IN5CD94237KD" name="Mccm.Pega.Calc.NBA.StartOffer.PegaTest.PegamarktCalcNBAandStartOffTest" tests="1" failures="0" timestamp="2021-05-17T10:09:20 IST" time="154.769" errors="0">
  <testcase name="VerifyCalcNBAandStartOfferEventRunSuccessfully" time="154.769" classname="Mccm.Pega.Calc.NBA.StartOffer.PegaTest.PegamarktCalcNBAandStartOffTest"/>
  <system-out/>
</testsuite> <!-- Mccm.Pega.Calc.NBA.StartOffer.PegaTest.PegamarktCalcNBAandStartOffTest -->
