<?xml version="1.0" encoding="UTF-8"?>
<!-- Generated by org.testng.reporters.JUnitReportReporter -->
<testsuite skipped="0" hostname="IN5CD94237KD" name="Mccm.Pega.OSF.PegaTest.PegaOSFOutcomeGETNBAAPIVldTest" tests="1" failures="0" timestamp="2021-06-10T11:49:17 IST" time="105.823" errors="0">
  <testcase name="VerifyOSFGETNBAAPIValidationRunSuccessfully" time="105.823" classname="Mccm.Pega.OSF.PegaTest.PegaOSFOutcomeGETNBAAPIVldTest"/>
  <system-out/>
</testsuite> <!-- Mccm.Pega.OSF.PegaTest.PegaOSFOutcomeGETNBAAPIVldTest -->
