<?xml version="1.0" encoding="UTF-8"?>
<!-- Generated by org.testng.reporters.JUnitReportReporter -->
<testsuite skipped="0" hostname="IN5CD94237KD" name="Mccm.Unix.Outbound.PreDataSetup_DBLoad_Test" tests="1" failures="0" timestamp="2021-02-04T19:29:17 IST" time="1.130" errors="0">
  <testcase name="VerifyPreDatasetupDBLoadsuccessfully" time="1.130" classname="Mccm.Unix.Outbound.PreDataSetup_DBLoad_Test"/>
</testsuite> <!-- Mccm.Unix.Outbound.PreDataSetup_DBLoad_Test -->
