<?xml version="1.0" encoding="UTF-8"?>
<!-- Generated by org.testng.reporters.JUnitReportReporter -->
<testsuite skipped="0" hostname="IN5CD94237KD" name="Mccm.Pega.Calc.NBA.StartOffer.PegaTest.APICallCalcNBAStOffFlowMobSubTest" tests="1" failures="0" timestamp="2021-06-14T13:26:37 IST" time="3.314" errors="0">
  <testcase name="VerifyCalcNBAandStartOfferFlowMobileSubscrAPIcallSuccessfully" time="3.314" classname="Mccm.Pega.Calc.NBA.StartOffer.PegaTest.APICallCalcNBAStOffFlowMobSubTest"/>
  <system-out/>
</testsuite> <!-- Mccm.Pega.Calc.NBA.StartOffer.PegaTest.APICallCalcNBAStOffFlowMobSubTest -->
