<?xml version="1.0" encoding="UTF-8"?>
<!-- Generated by org.testng.reporters.JUnitReportReporter -->
<testsuite skipped="0" hostname="IN5CD94237KD" name="Mccm.Pega.DMPRealTime.PegaTest.DMPRTPNBAProOffRltsTest" tests="1" failures="0" timestamp="2021-03-25T13:30:01 IST" time="4.241" errors="0">
  <testcase name="VerifyDMPRTProcessOffResltsAPIcallSuccessfully" time="4.241" classname="Mccm.Pega.DMPRealTime.PegaTest.DMPRTPNBAProOffRltsTest"/>
</testsuite> <!-- Mccm.Pega.DMPRealTime.PegaTest.DMPRTPNBAProOffRltsTest -->
