<?xml version="1.0" encoding="UTF-8"?>
<!-- Generated by org.testng.reporters.JUnitReportReporter -->
<testsuite skipped="0" hostname="INSGH045PMS0" name="Demo.APIRestful.DemoCalcNBAAndStartOfferFlow" tests="1" failures="0" timestamp="2020-11-23T15:00:46 IST" time="3.944" errors="0">
  <testcase name="test11" time="3.944" classname="Demo.APIRestful.DemoCalcNBAAndStartOfferFlow"/>
  <system-out/>
</testsuite> <!-- Demo.APIRestful.DemoCalcNBAAndStartOfferFlow -->
