<?xml version="1.0" encoding="UTF-8"?>
<!-- Generated by org.testng.reporters.JUnitReportReporter -->
<testsuite skipped="0" hostname="IN5CD94237KD" name="Mccm.Pega.DMPRealTime.PegaTest.PegamarktDMPrealtimeTest" tests="1" failures="0" timestamp="2021-06-10T21:21:31 IST" time="147.699" errors="0">
  <testcase name="VerifyDMPrealtimeRunSuccessfully" time="147.699" classname="Mccm.Pega.DMPRealTime.PegaTest.PegamarktDMPrealtimeTest"/>
  <system-out/>
</testsuite> <!-- Mccm.Pega.DMPRealTime.PegaTest.PegamarktDMPrealtimeTest -->
