<?xml version="1.0" encoding="UTF-8"?>
<!-- Generated by org.testng.reporters.JUnitReportReporter -->
<testsuite skipped="0" hostname="INSGH045PMS0" name="Mccm.Unix.Outbound.App_Unix_Outbound_Test" tests="1" failures="0" timestamp="2021-01-18T13:00:56 IST" time="13.335" errors="0">
  <testcase name="VerifyDBDataLoadedSuccessfully" time="13.335" classname="Mccm.Unix.Outbound.App_Unix_Outbound_Test"/>
</testsuite> <!-- Mccm.Unix.Outbound.App_Unix_Outbound_Test -->
