<?xml version="1.0" encoding="UTF-8"?>
<!-- Generated by org.testng.reporters.JUnitReportReporter -->
<testsuite skipped="0" hostname="INSGH045PMS0" name="Mccm.Pega.CalcNBAandStartOfferFlow.PegaTest.PegaCalcNBAandStartOffAPIVldtTest" tests="1" failures="0" timestamp="2020-12-30T17:08:50 IST" time="50.590" errors="0">
  <testcase name="VerifyPegaCalcNBAandStartOffAPIVldtTestSuccessfully" time="50.590" classname="Mccm.Pega.CalcNBAandStartOfferFlow.PegaTest.PegaCalcNBAandStartOffAPIVldtTest"/>
  <system-out/>
</testsuite> <!-- Mccm.Pega.CalcNBAandStartOfferFlow.PegaTest.PegaCalcNBAandStartOffAPIVldtTest -->
