<?xml version="1.0" encoding="UTF-8"?>
<!-- Generated by org.testng.reporters.JUnitReportReporter -->
<testsuite skipped="0" hostname="INSGH045PMS0" name="Mccm.Unix.Outbound.App_Unix_Outbound_Extract_Test" tests="1" failures="0" timestamp="2020-10-15T17:55:44 IST" time="49.216" errors="0">
  <testcase name="VerifyExtracDataLoadedSuccessfully" time="49.216" classname="Mccm.Unix.Outbound.App_Unix_Outbound_Extract_Test"/>
  <system-out/>
</testsuite> <!-- Mccm.Unix.Outbound.App_Unix_Outbound_Extract_Test -->
