<?xml version="1.0" encoding="UTF-8"?>
<!-- Generated by org.testng.reporters.JUnitReportReporter -->
<testsuite skipped="0" hostname="IN5CD94237KD" name="Mccm.Pega.Outbound.PegaTest.DataLoadDetailsTest" tests="1" failures="0" timestamp="2021-06-10T20:50:47 IST" time="71.099" errors="0">
  <testcase name="VerifyOutboundOracleCansadraDataLoadedSuccessfully" time="71.099" classname="Mccm.Pega.Outbound.PegaTest.DataLoadDetailsTest"/>
  <system-out/>
</testsuite> <!-- Mccm.Pega.Outbound.PegaTest.DataLoadDetailsTest -->
