<?xml version="1.0" encoding="UTF-8"?>
<!-- Generated by org.testng.reporters.JUnitReportReporter -->
<<<<<<< HEAD
<testsuite skipped="0" hostname="IN5CD94237KD" name="Mccm.Unix.Outbound.App_Unix_Outbound_Extract_Test" tests="1" failures="0" timestamp="2021-07-07T15:43:43 IST" time="18.351" errors="0">
  <testcase name="VerifyOutboundExtracDataLoadedSuccessfully" time="18.351" classname="Mccm.Unix.Outbound.App_Unix_Outbound_Extract_Test"/>
=======
<testsuite hostname="IN-PF2HW06P" failures="0" tests="1" name="Mccm.Unix.Outbound.App_Unix_Outbound_Extract_Test" time="23.343" errors="0" timestamp="2021-07-09T11:51:20 IST" skipped="0">
  <testcase classname="Mccm.Unix.Outbound.App_Unix_Outbound_Extract_Test" name="VerifyOutboundExtracDataLoadedSuccessfully" time="23.343"/>
>>>>>>> branch 'develop' of ssh://git@github.dxc.com/DXC-VF/mccm_automation
  <system-out/>
</testsuite> <!-- Mccm.Unix.Outbound.App_Unix_Outbound_Extract_Test -->
