<?xml version="1.0" encoding="UTF-8"?>
<!-- Generated by org.testng.reporters.JUnitReportReporter -->
<testsuite skipped="0" hostname="IN5CD94237KD" name="Mccm.Pega.Inbound.PegaTest.PegamarktIntrctnHistoryTest" tests="1" failures="0" timestamp="2021-05-12T15:14:08 IST" time="95.807" errors="0">
  <testcase name="VerifyIntractionHistoryRunSuccessfully" time="95.807" classname="Mccm.Pega.Inbound.PegaTest.PegamarktIntrctnHistoryTest"/>
  <system-out/>
</testsuite> <!-- Mccm.Pega.Inbound.PegaTest.PegamarktIntrctnHistoryTest -->
