<?xml version="1.0" encoding="UTF-8"?>
<!-- Generated by org.testng.reporters.JUnitReportReporter -->
<testsuite skipped="0" hostname="INSGH045PMS0" name="Mccm.Pega.DMPRealTime.PegaTest.PegamarktIntrctnHstryDMPTest" tests="1" failures="0" timestamp="2020-11-19T19:23:22 IST" time="116.750" errors="0">
  <testcase name="VerifyDMPAPIProcessOffRsultsValidtnSuccessfully" time="116.750" classname="Mccm.Pega.DMPRealTime.PegaTest.PegamarktIntrctnHstryDMPTest"/>
  <system-out/>
</testsuite> <!-- Mccm.Pega.DMPRealTime.PegaTest.PegamarktIntrctnHstryDMPTest -->
