<?xml version="1.0" encoding="UTF-8"?>
<!-- Generated by org.testng.reporters.JUnitReportReporter -->
<testsuite skipped="0" hostname="IN5CD94237KD" name="Mccm.Pega.Calc.NBA.StartOffer.PegaTest.APICallCalcNBAStOffFlowMobBanTest" tests="1" failures="0" timestamp="2021-06-24T12:28:19 IST" time="3.602" errors="0">
  <testcase name="VerifyCalcNBAandStartOfferFlowMobileBanAPIcallSuccessfully" time="3.602" classname="Mccm.Pega.Calc.NBA.StartOffer.PegaTest.APICallCalcNBAStOffFlowMobBanTest"/>
  <system-out/>
</testsuite> <!-- Mccm.Pega.Calc.NBA.StartOffer.PegaTest.APICallCalcNBAStOffFlowMobBanTest -->
