<?xml version="1.0" encoding="UTF-8"?>
<!-- Generated by org.testng.reporters.JUnitReportReporter -->
<testsuite skipped="0" hostname="IN5CD94237KD" name="Mccm.Unix.Inbound.App_Inbound_DMP_Test" tests="1" failures="0" timestamp="2021-07-06T11:18:44 IST" time="25.679" errors="0">
  <testcase name="VerifyInboundDMPFileLoadSuccessfully" time="25.679" classname="Mccm.Unix.Inbound.App_Inbound_DMP_Test"/>
  <system-out/>
</testsuite> <!-- Mccm.Unix.Inbound.App_Inbound_DMP_Test -->
