<?xml version="1.0" encoding="UTF-8"?>
<!-- Generated by org.testng.reporters.JUnitReportReporter -->
<testsuite skipped="0" hostname="IN5CD94237KD" name="Mccm.Pega.Calc.NBA.StartOffer.PegaTest.PegaPreChkValidCalcNBACampCdTest" tests="1" failures="0" timestamp="2021-02-25T12:30:41 IST" time="244.390" errors="1">
  <testcase name="VerifyPreCheckCalcNBACampCodeValueValidSuccessfully" time="244.390" classname="Mccm.Pega.Calc.NBA.StartOffer.PegaTest.PegaPreChkValidCalcNBACampCdTest">
    <error type="java.lang.OutOfMemoryError" message="GC overhead limit exceeded">
      <![CDATA[java.lang.OutOfMemoryError: GC overhead limit exceeded
at java.lang.String.toLowerCase(String.java:2647)
at java.lang.String.toLowerCase(String.java:2670)
at org.apache.xmlbeans.impl.store.Locale.loadNode(Locale.java:1432)
at org.apache.xmlbeans.impl.store.Locale.loadNodeChildren(Locale.java:1403)
at org.apache.xmlbeans.impl.store.Locale.loadNode(Locale.java:1445)
at org.apache.xmlbeans.impl.store.Locale.loadNodeChildren(Locale.java:1403)
at org.apache.xmlbeans.impl.store.Locale.loadNode(Locale.java:1445)
at org.apache.xmlbeans.impl.store.Locale.parseToXmlObject(Locale.java:1385)
at org.apache.xmlbeans.impl.store.Locale.parseToXmlObject(Locale.java:1370)
at org.apache.xmlbeans.impl.schema.SchemaTypeLoaderBase.parse(SchemaTypeLoaderBase.java:370)
at org.apache.poi.POIXMLTypeLoader.parse(POIXMLTypeLoader.java:164)
at org.openxmlformats.schemas.spreadsheetml.x2006.main.WorksheetDocument$Factory.parse(Unknown Source)
at org.apache.poi.xssf.usermodel.XSSFSheet.read(XSSFSheet.java:226)
at org.apache.poi.xssf.usermodel.XSSFSheet.onDocumentRead(XSSFSheet.java:218)
at org.apache.poi.xssf.usermodel.XSSFWorkbook.parseSheet(XSSFWorkbook.java:443)
at org.apache.poi.xssf.usermodel.XSSFWorkbook.onDocumentRead(XSSFWorkbook.java:408)
at org.apache.poi.POIXMLDocument.load(POIXMLDocument.java:169)
at org.apache.poi.xssf.usermodel.XSSFWorkbook.<init>(XSSFWorkbook.java:300)
at Mccm.Pega.Calc.NBA.StartOffer.PegaPreChkValidCalcNBACampCd.PreChkValidCalcNBACampCd(PegaPreChkValidCalcNBACampCd.java:207)
at Mccm.Pega.Calc.NBA.StartOffer.PegaTest.PegaPreChkValidCalcNBACampCdTest.VerifyPreCheckCalcNBACampCodeValueValidSuccessfully(PegaPreChkValidCalcNBACampCdTest.java:63)
at sun.reflect.NativeMethodAccessorImpl.invoke0(Native Method)
at sun.reflect.NativeMethodAccessorImpl.invoke(NativeMethodAccessorImpl.java:62)
at sun.reflect.DelegatingMethodAccessorImpl.invoke(DelegatingMethodAccessorImpl.java:43)
at java.lang.reflect.Method.invoke(Method.java:498)
at org.testng.internal.MethodInvocationHelper.invokeMethod(MethodInvocationHelper.java:135)
at org.testng.internal.TestInvoker.invokeMethod(TestInvoker.java:598)
at org.testng.internal.TestInvoker.invokeTestMethod(TestInvoker.java:174)
at org.testng.internal.MethodRunner.runInSequence(MethodRunner.java:46)
at org.testng.internal.TestInvoker$MethodInvocationAgent.invoke(TestInvoker.java:821)
at org.testng.internal.TestInvoker.invokeTestMethods(TestInvoker.java:147)
at org.testng.internal.TestMethodWorker.invokeTestMethods(TestMethodWorker.java:146)
at org.testng.internal.TestMethodWorker.run(TestMethodWorker.java:128)
]]>
    </error>
  </testcase> <!-- VerifyPreCheckCalcNBACampCodeValueValidSuccessfully -->
  <system-out/>
</testsuite> <!-- Mccm.Pega.Calc.NBA.StartOffer.PegaTest.PegaPreChkValidCalcNBACampCdTest -->
