<?xml version="1.0" encoding="UTF-8"?>
<!-- Generated by org.testng.reporters.JUnitReportReporter -->
<testsuite skipped="0" hostname="IN5CD94237KD" name="Mccm.Pega.OSF.PegaTest.OSFAPICallGetNBATest" tests="1" failures="0" timestamp="2021-06-10T12:01:39 IST" time="3.331" errors="0">
  <testcase name="VerifyOSFGetNBARestAPIcallSuccessfully" time="3.331" classname="Mccm.Pega.OSF.PegaTest.OSFAPICallGetNBATest"/>
  <system-out/>
</testsuite> <!-- Mccm.Pega.OSF.PegaTest.OSFAPICallGetNBATest -->
