<?xml version="1.0" encoding="UTF-8"?>
<!-- Generated by org.testng.reporters.JUnitReportReporter -->
<testsuite skipped="0" hostname="IN5CD94237KD" name="Mccm.Pega.Outbound.PegaTest.PegaPreChkValidCampCdTest" tests="1" failures="0" timestamp="2021-04-28T12:19:54 IST" time="199.636" errors="1">
  <testcase name="VerifyOutboundPreCheckNBACampCodeValueValidSuccessfully" time="199.636" classname="Mccm.Pega.Outbound.PegaTest.PegaPreChkValidCampCdTest">
    <error type="java.lang.OutOfMemoryError" message="GC overhead limit exceeded">
      <![CDATA[java.lang.OutOfMemoryError: GC overhead limit exceeded
at com.sun.org.apache.xerces.internal.dom.DeferredDocumentImpl.getNodeObject(Unknown Source)
at com.sun.org.apache.xerces.internal.dom.DeferredElementNSImpl.synchronizeData(Unknown Source)
at com.sun.org.apache.xerces.internal.dom.ElementNSImpl.getNamespaceURI(Unknown Source)
at org.apache.xmlbeans.impl.store.Locale.loadNode(Locale.java:1420)
at org.apache.xmlbeans.impl.store.Locale.loadNodeChildren(Locale.java:1403)
at org.apache.xmlbeans.impl.store.Locale.loadNode(Locale.java:1445)
at org.apache.xmlbeans.impl.store.Locale.loadNodeChildren(Locale.java:1403)
at org.apache.xmlbeans.impl.store.Locale.loadNode(Locale.java:1445)
at org.apache.xmlbeans.impl.store.Locale.parseToXmlObject(Locale.java:1385)
at org.apache.xmlbeans.impl.store.Locale.parseToXmlObject(Locale.java:1370)
at org.apache.xmlbeans.impl.schema.SchemaTypeLoaderBase.parse(SchemaTypeLoaderBase.java:370)
at org.apache.poi.POIXMLTypeLoader.parse(POIXMLTypeLoader.java:164)
at org.openxmlformats.schemas.spreadsheetml.x2006.main.WorksheetDocument$Factory.parse(Unknown Source)
at org.apache.poi.xssf.usermodel.XSSFSheet.read(XSSFSheet.java:226)
at org.apache.poi.xssf.usermodel.XSSFSheet.onDocumentRead(XSSFSheet.java:218)
at org.apache.poi.xssf.usermodel.XSSFWorkbook.parseSheet(XSSFWorkbook.java:443)
at org.apache.poi.xssf.usermodel.XSSFWorkbook.onDocumentRead(XSSFWorkbook.java:408)
at org.apache.poi.POIXMLDocument.load(POIXMLDocument.java:169)
at org.apache.poi.xssf.usermodel.XSSFWorkbook.<init>(XSSFWorkbook.java:300)
at Mccm.Pega.excel.utility.Excel_Reader.<init>(Excel_Reader.java:36)
at Mccm.Pega.Outbound.PegaMain.PegaPreChkValidCampCd.PreChkValdCampCd(PegaPreChkValidCampCd.java:196)
at Mccm.Pega.Outbound.PegaTest.PegaPreChkValidCampCdTest.VerifyOutboundPreCheckNBACampCodeValueValidSuccessfully(PegaPreChkValidCampCdTest.java:61)
at sun.reflect.NativeMethodAccessorImpl.invoke0(Native Method)
at sun.reflect.NativeMethodAccessorImpl.invoke(Unknown Source)
at sun.reflect.DelegatingMethodAccessorImpl.invoke(Unknown Source)
at java.lang.reflect.Method.invoke(Unknown Source)
at org.testng.internal.MethodInvocationHelper.invokeMethod(MethodInvocationHelper.java:135)
at org.testng.internal.TestInvoker.invokeMethod(TestInvoker.java:598)
at org.testng.internal.TestInvoker.invokeTestMethod(TestInvoker.java:174)
at org.testng.internal.MethodRunner.runInSequence(MethodRunner.java:46)
at org.testng.internal.TestInvoker$MethodInvocationAgent.invoke(TestInvoker.java:821)
at org.testng.internal.TestInvoker.invokeTestMethods(TestInvoker.java:147)
]]>
    </error>
  </testcase> <!-- VerifyOutboundPreCheckNBACampCodeValueValidSuccessfully -->
  <system-out/>
</testsuite> <!-- Mccm.Pega.Outbound.PegaTest.PegaPreChkValidCampCdTest -->
