<?xml version="1.0" encoding="UTF-8"?>
<!-- Generated by org.testng.reporters.JUnitReportReporter -->
<testsuite skipped="0" hostname="INSGH045PMS0" name="Mccm.Pega.Outbound.PegaTest.PreChkNBACampValuTest" tests="1" failures="0" timestamp="2020-10-01T15:20:19 IST" time="130.372" errors="0">
  <testcase name="VerifyOracleCansadraDataLoadedSuccessfully" time="130.372" classname="Mccm.Pega.Outbound.PegaTest.PreChkNBACampValuTest"/>
  <system-out/>
</testsuite> <!-- Mccm.Pega.Outbound.PegaTest.PreChkNBACampValuTest -->
