<?xml version="1.0" encoding="UTF-8"?>
<!-- Generated by org.testng.reporters.JUnitReportReporter -->
<testsuite skipped="0" hostname="IN5CD94237KD" name="Mccm.Unix.Outbound.Upload_Cassandra" tests="1" failures="0" timestamp="2021-06-25T16:28:07 IST" time="48.330" errors="0">
  <testcase name="VerifyOutboundDBDataLoadedSuccessfully" time="48.330" classname="Mccm.Unix.Outbound.Upload_Cassandra"/>
  <system-out/>
</testsuite> <!-- Mccm.Unix.Outbound.Upload_Cassandra -->
