<?xml version="1.0" encoding="UTF-8"?>
<!-- Generated by org.testng.reporters.JUnitReportReporter -->
<testsuite skipped="0" hostname="IN5CD94237KD" name="Mccm.Pega.Calc.NBA.StartOffer.PegaTest.PegaPreChkValidCalcNBACampCdTest" tests="1" failures="0" timestamp="2021-06-09T11:20:51 IST" time="416.088" errors="0">
  <testcase name="VerifyPreCheckCalcNBACampCodeValueValidSuccessfully" time="416.088" classname="Mccm.Pega.Calc.NBA.StartOffer.PegaTest.PegaPreChkValidCalcNBACampCdTest"/>
  <system-out/>
</testsuite> <!-- Mccm.Pega.Calc.NBA.StartOffer.PegaTest.PegaPreChkValidCalcNBACampCdTest -->
