<?xml version="1.0" encoding="UTF-8"?>
<!-- Generated by org.testng.reporters.JUnitReportReporter -->
<testsuite skipped="0" hostname="INSGH045PMS0" name="Mccm.Unix.Outbound.PreDataSetup_DBLoad_Test" tests="1" failures="0" timestamp="2021-01-12T12:52:44 IST" time="2.244" errors="0">
  <testcase name="VerifyPreDatasetupDBLoadsuccessfully" time="2.244" classname="Mccm.Unix.Outbound.PreDataSetup_DBLoad_Test"/>
  <system-out/>
</testsuite> <!-- Mccm.Unix.Outbound.PreDataSetup_DBLoad_Test -->
