<?xml version="1.0" encoding="UTF-8"?>
<!-- Generated by org.testng.reporters.JUnitReportReporter -->
<testsuite skipped="0" hostname="IN5CD94237KD" name="Mccm.Pega.Calc.NBA.StartOffer.PegaTest.PegaCalNBADMCCMSettingTest" tests="1" failures="0" timestamp="2021-06-22T15:10:10 IST" time="58.211" errors="0">
  <testcase name="VerifyOSFDynamicSystemSettingRunSuccessfully" time="58.211" classname="Mccm.Pega.Calc.NBA.StartOffer.PegaTest.PegaCalNBADMCCMSettingTest"/>
  <system-out/>
</testsuite> <!-- Mccm.Pega.Calc.NBA.StartOffer.PegaTest.PegaCalNBADMCCMSettingTest -->
