<?xml version="1.0" encoding="UTF-8"?>
<!-- Generated by org.testng.reporters.JUnitReportReporter -->
<testsuite skipped="0" hostname="INSGH045PMS0" name="Mccm.Pega.DMPRealTime.PegaTest.PegaPreChkValidDMPCampCdTest" tests="1" failures="0" timestamp="2020-11-20T15:53:03 IST" time="111.685" errors="0">
  <testcase name="VerifyPreCheckDMPRTCampCodeValueValidSuccessfully" time="111.685" classname="Mccm.Pega.DMPRealTime.PegaTest.PegaPreChkValidDMPCampCdTest"/>
  <system-out/>
</testsuite> <!-- Mccm.Pega.DMPRealTime.PegaTest.PegaPreChkValidDMPCampCdTest -->
