<?xml version="1.0" encoding="UTF-8"?>
<!-- Generated by org.testng.reporters.JUnitReportReporter -->
<testsuite skipped="0" hostname="IN5CD94237KD" name="Mccm.Unix.Outbound.App_Unix_Outbound_Extract_Test" tests="1" failures="0" timestamp="2021-04-29T15:32:48 IST" time="17.760" errors="0">
  <testcase name="VerifyOutboundExtracDataLoadedSuccessfully" time="17.760" classname="Mccm.Unix.Outbound.App_Unix_Outbound_Extract_Test"/>
  <system-out/>
</testsuite> <!-- Mccm.Unix.Outbound.App_Unix_Outbound_Extract_Test -->
