<?xml version="1.0" encoding="UTF-8"?>
<!-- Generated by org.testng.reporters.JUnitReportReporter -->
<testsuite skipped="0" hostname="IN5CD94237KD" name="Mccm.Pega.OSF.PegaTest.PegaOSFOutcomeSaveOffAPIVldTest" tests="1" failures="0" timestamp="2021-06-04T17:32:02 IST" time="102.269" errors="0">
  <testcase name="VerifyOSFOutcomeAPISaveOffValidationRunSuccessfully" time="102.269" classname="Mccm.Pega.OSF.PegaTest.PegaOSFOutcomeSaveOffAPIVldTest"/>
  <system-out/>
</testsuite> <!-- Mccm.Pega.OSF.PegaTest.PegaOSFOutcomeSaveOffAPIVldTest -->
