<?xml version="1.0" encoding="UTF-8"?>
<!-- Generated by org.testng.reporters.JUnitReportReporter -->
<testsuite skipped="0" hostname="IN5CD94237KD" name="Mccm.Pega.Outbound.PegaTest.PegamarktingTest" tests="1" failures="0" timestamp="2021-02-09T15:58:39 IST" time="739.385" errors="0">
  <testcase name="VerifyNBACampaignRunSuccessfully" time="739.385" classname="Mccm.Pega.Outbound.PegaTest.PegamarktingTest"/>
  <system-out/>
</testsuite> <!-- Mccm.Pega.Outbound.PegaTest.PegamarktingTest -->
