<?xml version="1.0" encoding="UTF-8"?>
<!-- Generated by org.testng.reporters.JUnitReportReporter -->
<testsuite skipped="0" hostname="IN5CD94237KD" name="Mccm.Unix.Outbound.App_Unix_Outbound_Test" tests="1" failures="0" timestamp="2021-06-28T17:57:12 IST" time="83.783" errors="0">
  <testcase name="VerifyOutboundDBDataLoadedSuccessfully" time="83.783" classname="Mccm.Unix.Outbound.App_Unix_Outbound_Test"/>
  <system-out/>
</testsuite> <!-- Mccm.Unix.Outbound.App_Unix_Outbound_Test -->
