<?xml version="1.0" encoding="UTF-8"?>
<!-- Generated by org.testng.reporters.JUnitReportReporter -->
<testsuite skipped="0" hostname="IN5CD94237KD" name="Mccm.Pega.OSF.PegaTest.PegaOSFDSSTest" tests="1" failures="0" timestamp="2021-02-24T14:02:25 IST" time="79.884" errors="0">
  <testcase name="VerifyOSFDynamicSystemSettingSuccessfully" time="79.884" classname="Mccm.Pega.OSF.PegaTest.PegaOSFDSSTest"/>
  <system-out/>
</testsuite> <!-- Mccm.Pega.OSF.PegaTest.PegaOSFDSSTest -->
