<?xml version="1.0" encoding="UTF-8"?>
<!-- Generated by org.testng.reporters.JUnitReportReporter -->
<testsuite skipped="0" hostname="IN5CD94237KD" name="Mccm.Pega.Outbound.PegaTest.PegaPreChkValidCampCdTest" tests="1" failures="0" timestamp="2021-05-17T11:09:43 IST" time="113.580" errors="0">
  <testcase name="VerifyOutboundPreCheckNBACampCodeValueValidSuccessfully" time="113.580" classname="Mccm.Pega.Outbound.PegaTest.PegaPreChkValidCampCdTest"/>
  <system-out/>
</testsuite> <!-- Mccm.Pega.Outbound.PegaTest.PegaPreChkValidCampCdTest -->
