<?xml version="1.0" encoding="UTF-8"?>
<!-- Generated by org.testng.reporters.JUnitReportReporter -->
<testsuite skipped="0" hostname="IN5CD94237KD" name="Mccm.Unix.Inbound.App_Inbound_DMP_Test" tests="1" failures="0" timestamp="2021-03-25T17:41:35 IST" time="16.553" errors="0">
  <testcase name="VerifyInboundDMPFileLoadSuccessfully" time="16.553" classname="Mccm.Unix.Inbound.App_Inbound_DMP_Test"/>
  <system-out/>
</testsuite> <!-- Mccm.Unix.Inbound.App_Inbound_DMP_Test -->
