<?xml version="1.0" encoding="UTF-8"?>
<!-- Generated by org.testng.reporters.JUnitReportReporter -->
<testsuite skipped="0" hostname="INSGH045PMS0" name="Mccm.Pega.OSF.PegaTest.OSFAPICallGetNBAAddFbCdStgyTest" tests="1" failures="0" timestamp="2020-11-27T17:12:02 IST" time="3.239" errors="0">
  <testcase name="VerifyOSFAddPackagesStrategyPropositionAPIcallSuccessfully" time="3.239" classname="Mccm.Pega.OSF.PegaTest.OSFAPICallGetNBAAddFbCdStgyTest"/>
  <system-out/>
</testsuite> <!-- Mccm.Pega.OSF.PegaTest.OSFAPICallGetNBAAddFbCdStgyTest -->
