<?xml version="1.0" encoding="UTF-8"?>
<!-- Generated by org.testng.reporters.JUnitReportReporter -->
<testsuite skipped="0" hostname="IN5CD94237KD" name="Mccm.Unix.Outbound.App_Unix_Outbound_Test" tests="1" failures="0" timestamp="2021-02-04T19:29:17 IST" time="12.457" errors="0">
  <testcase name="VerifyDBDataLoadedSuccessfully" time="12.457" classname="Mccm.Unix.Outbound.App_Unix_Outbound_Test"/>
</testsuite> <!-- Mccm.Unix.Outbound.App_Unix_Outbound_Test -->
