<?xml version="1.0" encoding="UTF-8"?>
<!-- Generated by org.testng.reporters.JUnitReportReporter -->
<testsuite skipped="0" hostname="INSGH045PMS0" name="Mccm.Pega.OSF.PegaTest.OSFAPICallGetNBRmovALLFbCdStgyTestFAILD2" tests="1" failures="0" timestamp="2020-11-27T18:58:17 IST" time="3.090" errors="0">
  <testcase name="VerifyOSFGetNBARemovALLFeedbackCodesStrategyAPIcallSuccessfully" time="3.090" classname="Mccm.Pega.OSF.PegaTest.OSFAPICallGetNBRmovALLFbCdStgyTestFAILD2"/>
  <system-out/>
</testsuite> <!-- Mccm.Pega.OSF.PegaTest.OSFAPICallGetNBRmovALLFbCdStgyTestFAILD2 -->
