<?xml version="1.0" encoding="UTF-8"?>
<!-- Generated by org.testng.reporters.JUnitReportReporter -->
<testsuite skipped="0" hostname="IN5CD94237KD" name="Mccm.RESTful.APICall.DMPRTPNBAProOfferRlts" tests="1" failures="0" timestamp="2021-04-14T15:03:56 IST" time="3.041" errors="0">
  <testcase name="VerifyDMPRTPNBAMobHashedAPIcallSuccessfully" time="3.041" classname="Mccm.RESTful.APICall.DMPRTPNBAProOfferRlts"/>
  <system-out/>
</testsuite> <!-- Mccm.RESTful.APICall.DMPRTPNBAProOfferRlts -->
