<?xml version="1.0" encoding="UTF-8"?>
<!-- Generated by org.testng.reporters.JUnitReportReporter -->
<testsuite skipped="0" hostname="IN5CD94237KD" name="Mccm.Pega.DMPRealTime.PegaTest.PegaPreChkValidDMPCampCdTest" tests="1" failures="0" timestamp="2021-05-31T12:59:13 IST" time="105.257" errors="0">
  <testcase name="VerifyPreCheckDMPRTCampCodeValueValidSuccessfully" time="105.257" classname="Mccm.Pega.DMPRealTime.PegaTest.PegaPreChkValidDMPCampCdTest"/>
  <system-out/>
</testsuite> <!-- Mccm.Pega.DMPRealTime.PegaTest.PegaPreChkValidDMPCampCdTest -->
