<?xml version="1.0" encoding="UTF-8"?>
<!-- Generated by org.testng.reporters.JUnitReportReporter -->
<testsuite hostname="IN-5CG1042LMR" failures="0" tests="6" name="Mccm.Pega.OSF.PegaTest.OSF_GetNBA_ErrorCasesTest" time="4.914" errors="0" timestamp="2021-07-08T15:00:26 IST" skipped="0">
  <testcase classname="Mccm.Pega.OSF.PegaTest.OSF_GetNBA_ErrorCasesTest" name="VerifyOSFCaptureResponseOutcomeAPIcallSuccessfully" time="0.494"/>
  <system-out/>
  <testcase classname="Mccm.Pega.OSF.PegaTest.OSF_GetNBA_ErrorCasesTest" name="VerifyOSFCaptureResponseOutcomeAPIcallSuccessfully" time="0.509"/>
  <system-out/>
  <testcase classname="Mccm.Pega.OSF.PegaTest.OSF_GetNBA_ErrorCasesTest" name="VerifyOSFCaptureResponseOutcomeAPIcallSuccessfully" time="2.390"/>
  <system-out/>
  <testcase classname="Mccm.Pega.OSF.PegaTest.OSF_GetNBA_ErrorCasesTest" name="VerifyOSFCaptureResponseOutcomeAPIcallSuccessfully" time="0.511"/>
  <system-out/>
  <testcase classname="Mccm.Pega.OSF.PegaTest.OSF_GetNBA_ErrorCasesTest" name="VerifyOSFCaptureResponseOutcomeAPIcallSuccessfully" time="0.502"/>
  <system-out/>
  <testcase classname="Mccm.Pega.OSF.PegaTest.OSF_GetNBA_ErrorCasesTest" name="VerifyOSFCaptureResponseOutcomeAPIcallSuccessfully" time="0.508"/>
  <system-out/>
</testsuite> <!-- Mccm.Pega.OSF.PegaTest.OSF_GetNBA_ErrorCasesTest -->
