<?xml version="1.0" encoding="UTF-8"?>
<!-- Generated by org.testng.reporters.JUnitReportReporter -->
<testsuite skipped="0" hostname="IN5CD94237KD" name="Mccm.Pega.DMPRealTime.PegaTest.DMPRTPNBAProOffRltsTest" tests="1" failures="0" timestamp="2021-06-08T16:25:56 IST" time="2.201" errors="0">
  <testcase name="VerifyDMPRTProcessOffResltsAPIcallSuccessfully" time="2.201" classname="Mccm.Pega.DMPRealTime.PegaTest.DMPRTPNBAProOffRltsTest"/>
  <system-out/>
</testsuite> <!-- Mccm.Pega.DMPRealTime.PegaTest.DMPRTPNBAProOffRltsTest -->
