<?xml version="1.0" encoding="UTF-8"?>
<!-- Generated by org.testng.reporters.JUnitReportReporter -->
<testsuite skipped="0" hostname="IN5CD94237KD" name="Mccm.Pega.Calc.NBA.StartOffer.PegaTest.APICallCalcNBAStOffFlowMobBanTest" tests="1" failures="0" timestamp="2021-06-30T16:53:17 IST" time="4.250" errors="0">
  <testcase name="VerifyCalcNBAandStartOfferFlowMobileBanAPIcallSuccessfully" time="4.250" classname="Mccm.Pega.Calc.NBA.StartOffer.PegaTest.APICallCalcNBAStOffFlowMobBanTest"/>
  <system-out/>
</testsuite> <!-- Mccm.Pega.Calc.NBA.StartOffer.PegaTest.APICallCalcNBAStOffFlowMobBanTest -->
