<?xml version="1.0" encoding="UTF-8"?>
<!-- Generated by org.testng.reporters.JUnitReportReporter -->
<testsuite skipped="0" hostname="INSGH045PMS0" name="Mccm.Pega.Outbound.PegaTest.PegamarktingTest" tests="1" failures="0" timestamp="2020-11-12T15:49:53 IST" time="762.312" errors="0">
  <testcase name="VerifyNBACampaignRunSuccessfully" time="762.312" classname="Mccm.Pega.Outbound.PegaTest.PegamarktingTest"/>
  <system-out/>
</testsuite> <!-- Mccm.Pega.Outbound.PegaTest.PegamarktingTest -->
