<?xml version="1.0" encoding="UTF-8"?>
<!-- Generated by org.testng.reporters.JUnitReportReporter -->
<testsuite skipped="0" hostname="INSGH045PMS0" name="Mccm.RESTful.APICall.DMPRTPNBAMobHash" tests="1" failures="0" timestamp="2021-01-18T16:31:46 IST" time="8.692" errors="0">
  <testcase name="VerifyDMPRTPNBAMobHashedAPIcallSuccessfully" time="8.692" classname="Mccm.RESTful.APICall.DMPRTPNBAMobHash"/>
  <system-out/>
</testsuite> <!-- Mccm.RESTful.APICall.DMPRTPNBAMobHash -->
