<?xml version="1.0" encoding="UTF-8"?>
<!-- Generated by org.testng.reporters.JUnitReportReporter -->
<testsuite skipped="0" hostname="IN5CD94237KD" name="Mccm.Pega.Calc.NBA.StartOffer.PegaTest.PegaPreChkValidCalcNBACampCdTest" tests="1" failures="0" timestamp="2021-06-17T15:47:12 IST" time="148.949" errors="0">
  <testcase name="VerifyPreCheckCalcNBACampCodeValueValidSuccessfully" time="148.949" classname="Mccm.Pega.Calc.NBA.StartOffer.PegaTest.PegaPreChkValidCalcNBACampCdTest"/>
  <system-out/>
</testsuite> <!-- Mccm.Pega.Calc.NBA.StartOffer.PegaTest.PegaPreChkValidCalcNBACampCdTest -->
