<?xml version="1.0" encoding="UTF-8"?>
<!-- Generated by org.testng.reporters.JUnitReportReporter -->
<testsuite skipped="0" hostname="IN5CD94237KD" name="Mccm.Pega.OSF.PegaTest.OSFAPICallCaptResponseTest" tests="1" failures="0" timestamp="2021-05-18T10:57:03 IST" time="7.641" errors="0">
  <testcase name="VerifyOSFCaptureResponseOutcomeAPIcallSuccessfully" time="7.641" classname="Mccm.Pega.OSF.PegaTest.OSFAPICallCaptResponseTest"/>
  <system-out/>
</testsuite> <!-- Mccm.Pega.OSF.PegaTest.OSFAPICallCaptResponseTest -->
