<?xml version="1.0" encoding="UTF-8"?>
<!-- Generated by org.testng.reporters.JUnitReportReporter -->
<testsuite skipped="0" hostname="IN5CD94237KD" name="Mccm.Pega.Outbound.PegaTest.HomePageTest" tests="1" failures="0" timestamp="2021-06-03T15:36:41 IST" time="92.673" errors="0">
  <testcase name="VerifyOutboundDynamicSystemSettingSuccessfully" time="92.673" classname="Mccm.Pega.Outbound.PegaTest.HomePageTest"/>
  <system-out/>
</testsuite> <!-- Mccm.Pega.Outbound.PegaTest.HomePageTest -->
