<?xml version="1.0" encoding="UTF-8"?>
<!-- Generated by org.testng.reporters.JUnitReportReporter -->
<testsuite skipped="0" hostname="INSGH045PMS0" name="Mccm.Pega.Outbound.PegaTest.PegaPreChkValidCampCdTest" tests="1" failures="0" timestamp="2020-12-21T16:44:28 IST" time="110.071" errors="0">
  <testcase name="VerifyPreCheckNBACampCodeValueValidSuccessfully" time="110.071" classname="Mccm.Pega.Outbound.PegaTest.PegaPreChkValidCampCdTest"/>
  <system-out/>
</testsuite> <!-- Mccm.Pega.Outbound.PegaTest.PegaPreChkValidCampCdTest -->
