<?xml version="1.0" encoding="UTF-8"?>
<!-- Generated by org.testng.reporters.JUnitReportReporter -->
<testsuite skipped="0" hostname="IN5CD94237KD" name="Mccm.Pega.OSF.PegaTest.OSFAPICallProFdUpdOrdIDTest" tests="1" failures="0" timestamp="2021-03-22T15:42:35 IST" time="3.262" errors="0">
  <testcase name="VerifyOSFUpdate_OrderID_InteractionHistoryAPIcallSuccessfully" time="3.262" classname="Mccm.Pega.OSF.PegaTest.OSFAPICallProFdUpdOrdIDTest"/>
  <system-out/>
</testsuite> <!-- Mccm.Pega.OSF.PegaTest.OSFAPICallProFdUpdOrdIDTest -->
