<?xml version="1.0" encoding="UTF-8"?>
<!-- Generated by org.testng.reporters.JUnitReportReporter -->
<testsuite skipped="0" hostname="IN5CD94237KD" name="Mccm.Pega.OSF.PegaTest.PegaOSFOutcomeAcceptedAPIVldTest" tests="1" failures="0" timestamp="2021-06-24T11:10:14 IST" time="223.772" errors="0">
  <testcase name="VerifyOSFOutcomeAPIAcceptedValidationRunSuccessfully" time="223.772" classname="Mccm.Pega.OSF.PegaTest.PegaOSFOutcomeAcceptedAPIVldTest"/>
  <system-out/>
</testsuite> <!-- Mccm.Pega.OSF.PegaTest.PegaOSFOutcomeAcceptedAPIVldTest -->
