<?xml version="1.0" encoding="UTF-8"?>
<!-- Generated by org.testng.reporters.JUnitReportReporter -->
<testsuite skipped="0" hostname="IN5CD94237KD" name="Mccm.RESTful.APICall.DMPRTPNBAProOfferRlts" tests="1" failures="0" timestamp="2021-02-09T18:50:12 IST" time="2.606" errors="0">
  <testcase name="VerifyDMPRTPNBAMobHashedAPIcallSuccessfully" time="2.606" classname="Mccm.RESTful.APICall.DMPRTPNBAProOfferRlts"/>
  <system-out/>
</testsuite> <!-- Mccm.RESTful.APICall.DMPRTPNBAProOfferRlts -->
