<?xml version="1.0" encoding="UTF-8"?>
<!-- Generated by org.testng.reporters.JUnitReportReporter -->
<testsuite skipped="0" hostname="INSGH045PMS0" name="DemoEtEFlow.Testcase.PageMrktEtoEFlowPreChkNBACamp" tests="1" failures="0" timestamp="2020-10-01T11:08:06 IST" time="117.250" errors="0">
  <testcase name="lunchChromBrowser" time="117.250" classname="DemoEtEFlow.Testcase.PageMrktEtoEFlowPreChkNBACamp"/>
  <system-out/>
</testsuite> <!-- DemoEtEFlow.Testcase.PageMrktEtoEFlowPreChkNBACamp -->
