<?xml version="1.0" encoding="UTF-8"?>
<!-- Generated by org.testng.reporters.JUnitReportReporter -->
<testsuite skipped="0" hostname="IN5CD94237KD" name="Mccm.Pega.Outbound.PegaTest.LoginPageTest" tests="3" failures="0" timestamp="2021-02-04T17:14:18 IST" time="54.975" errors="0">
  <testcase name="VerifyLoginPageTitleTest" time="7.260" classname="Mccm.Pega.Outbound.PegaTest.LoginPageTest"/>
  <testcase name="VerifyPegaLogoTest" time="6.871" classname="Mccm.Pega.Outbound.PegaTest.LoginPageTest"/>
  <testcase name="VerifyLoginSuccessfulTest" time="40.844" classname="Mccm.Pega.Outbound.PegaTest.LoginPageTest"/>
</testsuite> <!-- Mccm.Pega.Outbound.PegaTest.LoginPageTest -->
