<?xml version="1.0" encoding="UTF-8"?>
<!-- Generated by org.testng.reporters.JUnitReportReporter -->
<testsuite skipped="0" hostname="INSGH045PMS0" name="Mccm.Pega.Outbound.PegaTest.ExtractChannelFileTest" tests="1" failures="0" timestamp="2021-01-18T18:14:35 IST" time="53.395" errors="0">
  <testcase name="VerifyExtractChannelFileCheckSuccessfully" time="53.395" classname="Mccm.Pega.Outbound.PegaTest.ExtractChannelFileTest"/>
</testsuite> <!-- Mccm.Pega.Outbound.PegaTest.ExtractChannelFileTest -->
