<?xml version="1.0" encoding="UTF-8"?>
<!-- Generated by org.testng.reporters.JUnitReportReporter -->
<testsuite skipped="0" hostname="IN5CD94237KD" name="Mccm.Pega.Outbound.PegaTest.PegaPreChkValidCampCdTest" tests="1" failures="0" timestamp="2021-06-24T13:52:58 IST" time="338.910" errors="0">
  <testcase name="VerifyOutboundPreCheckNBACampCodeValueValidSuccessfully" time="338.910" classname="Mccm.Pega.Outbound.PegaTest.PegaPreChkValidCampCdTest"/>
  <system-out/>
</testsuite> <!-- Mccm.Pega.Outbound.PegaTest.PegaPreChkValidCampCdTest -->
