<?xml version="1.0" encoding="UTF-8"?>
<!-- Generated by org.testng.reporters.JUnitReportReporter -->
<testsuite skipped="0" hostname="INSGH045PMS0" name="DemoEtEFlow.Testcase.PageMrktEtoEFlowNBAChk" tests="1" failures="0" timestamp="2020-09-30T12:03:45 IST" time="87.568" errors="0">
  <testcase name="NBACampValueTestSuccessfull" time="87.568" classname="DemoEtEFlow.Testcase.PageMrktEtoEFlowNBAChk"/>
  <system-out/>
</testsuite> <!-- DemoEtEFlow.Testcase.PageMrktEtoEFlowNBAChk -->
