<?xml version="1.0" encoding="UTF-8"?>
<!-- Generated by org.testng.reporters.JUnitReportReporter -->
<testsuite skipped="0" hostname="IN5CD94237KD" name="Mccm.Pega.OSF.PegaTest.OSFOutcomeAPIVldTest" tests="1" failures="0" timestamp="2021-02-19T17:51:12 IST" time="47.721" errors="0">
  <testcase name="VerifyIntractionHistoryRunSuccessfully" time="47.721" classname="Mccm.Pega.OSF.PegaTest.OSFOutcomeAPIVldTest"/>
  <system-out/>
</testsuite> <!-- Mccm.Pega.OSF.PegaTest.OSFOutcomeAPIVldTest -->
