<?xml version="1.0" encoding="UTF-8"?>
<!-- Generated by org.testng.reporters.JUnitReportReporter -->
<testsuite skipped="0" hostname="IN5CD94237KD" name="Mccm.Pega.Outbound.PegaTest.PegamarktingTest" tests="1" failures="0" timestamp="2021-06-04T13:28:15 IST" time="733.076" errors="0">
  <testcase name="VerifyOutboundNBACampaignRunSuccessfully" time="733.076" classname="Mccm.Pega.Outbound.PegaTest.PegamarktingTest"/>
  <system-out/>
</testsuite> <!-- Mccm.Pega.Outbound.PegaTest.PegamarktingTest -->
