<?xml version="1.0" encoding="UTF-8"?>
<!-- Generated by org.testng.reporters.JUnitReportReporter -->
<testsuite skipped="0" hostname="INSGH045PMS0" name="Mccm.Unix.Outbound.PreDataSetup_DBLoad_Test" tests="1" failures="0" timestamp="2021-01-18T18:14:35 IST" time="1.200" errors="0">
  <testcase name="VerifyPreDatasetupDBLoadsuccessfully" time="1.200" classname="Mccm.Unix.Outbound.PreDataSetup_DBLoad_Test"/>
</testsuite> <!-- Mccm.Unix.Outbound.PreDataSetup_DBLoad_Test -->
