<?xml version="1.0" encoding="UTF-8"?>
<!-- Generated by org.testng.reporters.JUnitReportReporter -->
<testsuite skipped="0" hostname="INSGH045PMS0" name="Mccm.Unix.Inbound.App_Inbound_DMP_Test" tests="1" failures="0" timestamp="2020-10-13T17:36:53 IST" time="47.706" errors="0">
  <testcase name="VerifyDMPFileLoadSuccessfully" time="47.706" classname="Mccm.Unix.Inbound.App_Inbound_DMP_Test"/>
  <system-out/>
</testsuite> <!-- Mccm.Unix.Inbound.App_Inbound_DMP_Test -->
