<?xml version="1.0" encoding="UTF-8"?>
<!-- Generated by org.testng.reporters.JUnitReportReporter -->
<testsuite skipped="0" hostname="IN5CD94237KD" name="Mccm.Unix.Inbound.App_Inbound_KIASEPOS_Test" tests="1" failures="0" timestamp="2021-06-24T12:09:26 IST" time="18.024" errors="0">
  <testcase name="VerifyInboundKIASEPOSFileLoadSuccessfully" time="18.024" classname="Mccm.Unix.Inbound.App_Inbound_KIASEPOS_Test"/>
  <system-out/>
</testsuite> <!-- Mccm.Unix.Inbound.App_Inbound_KIASEPOS_Test -->
