<?xml version="1.0" encoding="UTF-8"?>
<!-- Generated by org.testng.reporters.JUnitReportReporter -->
<testsuite skipped="1" hostname="IN5CD94237KD" name="Mccm.Pega.Outbound.PegaTest.DBConfigValdtnTest" tests="2" failures="0" timestamp="2021-03-25T17:37:20 IST" time="99.697" errors="1">
  <testcase name="setup" time="99.697" classname="Mccm.Pega.Outbound.PegaTest.DBConfigValdtnTest">
    <error type="java.lang.OutOfMemoryError" message="GC overhead limit exceeded">
      <![CDATA[java.lang.OutOfMemoryError: GC overhead limit exceeded
at java.util.Arrays.copyOfRange(Arrays.java:3664)
at java.lang.String.<init>(String.java:207)
at java.lang.String.toLowerCase(String.java:2647)
at java.lang.String.toLowerCase(String.java:2670)
at org.apache.xmlbeans.impl.store.Locale.loadNode(Locale.java:1432)
at org.apache.xmlbeans.impl.store.Locale.loadNodeChildren(Locale.java:1403)
at org.apache.xmlbeans.impl.store.Locale.loadNode(Locale.java:1445)
at org.apache.xmlbeans.impl.store.Locale.loadNodeChildren(Locale.java:1403)
at org.apache.xmlbeans.impl.store.Locale.loadNode(Locale.java:1445)
at org.apache.xmlbeans.impl.store.Locale.parseToXmlObject(Locale.java:1385)
at org.apache.xmlbeans.impl.store.Locale.parseToXmlObject(Locale.java:1370)
at org.apache.xmlbeans.impl.schema.SchemaTypeLoaderBase.parse(SchemaTypeLoaderBase.java:370)
at org.apache.poi.POIXMLTypeLoader.parse(POIXMLTypeLoader.java:164)
at org.openxmlformats.schemas.spreadsheetml.x2006.main.WorksheetDocument$Factory.parse(Unknown Source)
at org.apache.poi.xssf.usermodel.XSSFSheet.read(XSSFSheet.java:226)
at org.apache.poi.xssf.usermodel.XSSFSheet.onDocumentRead(XSSFSheet.java:218)
at org.apache.poi.xssf.usermodel.XSSFWorkbook.parseSheet(XSSFWorkbook.java:443)
at org.apache.poi.xssf.usermodel.XSSFWorkbook.onDocumentRead(XSSFWorkbook.java:408)
at org.apache.poi.POIXMLDocument.load(POIXMLDocument.java:169)
at org.apache.poi.xssf.usermodel.XSSFWorkbook.<init>(XSSFWorkbook.java:300)
at Mccm.Pega.excel.utility.Excel_Reader.<init>(Excel_Reader.java:36)
at Mccm.Pega.Outbound.PegaMain.DBConfigValdtn.<init>(DBConfigValdtn.java:64)
at Mccm.Pega.Outbound.PegaTest.DBConfigValdtnTest.setup(DBConfigValdtnTest.java:34)
at sun.reflect.NativeMethodAccessorImpl.invoke0(Native Method)
at sun.reflect.NativeMethodAccessorImpl.invoke(NativeMethodAccessorImpl.java:62)
at sun.reflect.DelegatingMethodAccessorImpl.invoke(DelegatingMethodAccessorImpl.java:43)
at java.lang.reflect.Method.invoke(Method.java:498)
at org.testng.internal.MethodInvocationHelper.invokeMethod(MethodInvocationHelper.java:135)
at org.testng.internal.MethodInvocationHelper.invokeMethodConsideringTimeout(MethodInvocationHelper.java:64)
at org.testng.internal.ConfigInvoker.invokeConfigurationMethod(ConfigInvoker.java:364)
at org.testng.internal.ConfigInvoker.invokeConfigurations(ConfigInvoker.java:318)
at org.testng.internal.TestInvoker.runConfigMethods(TestInvoker.java:700)
]]>
    </error>
  </testcase> <!-- setup -->
  <system-out/>
  <testcase name="VerifyOutboundDBConfigurationCampRunidValidationSuccessfully" time="0.000" classname="Mccm.Pega.Outbound.PegaTest.DBConfigValdtnTest">
    <skipped/>
  </testcase> <!-- VerifyOutboundDBConfigurationCampRunidValidationSuccessfully -->
  <system-out/>
</testsuite> <!-- Mccm.Pega.Outbound.PegaTest.DBConfigValdtnTest -->
