<?xml version="1.0" encoding="UTF-8"?>
<!-- Generated by org.testng.reporters.JUnitReportReporter -->
<testsuite skipped="1" hostname="IN5CD94237KD" name="Mccm.Pega.DMPRealTime.PegaTest.PegamarktDMPrealtimeTest" tests="2" failures="0" timestamp="2021-03-25T13:30:01 IST" time="130.567" errors="1">
  <testcase name="setup" time="130.567" classname="Mccm.Pega.DMPRealTime.PegaTest.PegamarktDMPrealtimeTest">
    <error type="java.lang.OutOfMemoryError" message="GC overhead limit exceeded">
      <![CDATA[java.lang.OutOfMemoryError: GC overhead limit exceeded
]]>
    </error>
  </testcase> <!-- setup -->
  <testcase name="VerifyDMPrealtimeRunSuccessfully" time="0.000" classname="Mccm.Pega.DMPRealTime.PegaTest.PegamarktDMPrealtimeTest">
    <skipped/>
  </testcase> <!-- VerifyDMPrealtimeRunSuccessfully -->
</testsuite> <!-- Mccm.Pega.DMPRealTime.PegaTest.PegamarktDMPrealtimeTest -->
