<?xml version="1.0" encoding="UTF-8"?>
<!-- Generated by org.testng.reporters.JUnitReportReporter -->
<testsuite skipped="0" hostname="INSGH045PMS0" name="Mccm.RESTful.APICall.DMPRTPNBAMobHash" tests="1" failures="0" timestamp="2020-12-03T18:48:10 IST" time="21.689" errors="0">
  <testcase name="VerifyDMPRTPNBAMobHashedAPIcallSuccessfully" time="21.689" classname="Mccm.RESTful.APICall.DMPRTPNBAMobHash"/>
  <system-out/>
</testsuite> <!-- Mccm.RESTful.APICall.DMPRTPNBAMobHash -->
