<?xml version="1.0" encoding="UTF-8"?>
<!-- Generated by org.testng.reporters.JUnitReportReporter -->
<testsuite skipped="0" hostname="INSGH045PMS0" name="Mccm.RESTful.APICall.DMPRTPNBAMobHash" tests="1" failures="0" timestamp="2020-12-22T18:01:36 IST" time="9.602" errors="0">
  <testcase name="VerifyDMPRTPNBAMobHashedAPIcallSuccessfully" time="9.602" classname="Mccm.RESTful.APICall.DMPRTPNBAMobHash"/>
  <system-out/>
</testsuite> <!-- Mccm.RESTful.APICall.DMPRTPNBAMobHash -->
