<?xml version="1.0" encoding="UTF-8"?>
<!-- Generated by org.testng.reporters.JUnitReportReporter -->
<testsuite skipped="0" hostname="IN5CD94237KD" name="Mccm.RESTful.APICall.DMPRTPNBAMobHash" tests="1" failures="0" timestamp="2021-02-17T17:07:44 IST" time="5.944" errors="0">
  <testcase name="VerifyDMPRTPNBAMobHashedAPIcallSuccessfully" time="5.944" classname="Mccm.RESTful.APICall.DMPRTPNBAMobHash"/>
  <system-out/>
</testsuite> <!-- Mccm.RESTful.APICall.DMPRTPNBAMobHash -->
