<?xml version="1.0" encoding="UTF-8"?>
<!-- Generated by org.testng.reporters.JUnitReportReporter -->
<testsuite skipped="0" hostname="IN5CD94237KD" name="Mccm.Pega.Calc.NBA.StartOffer.PegaTest.PegaCalcNBAStartOffDSSTest" tests="1" failures="0" timestamp="2021-02-25T12:34:19 IST" time="94.007" errors="0">
  <testcase name="VerifyCalcNBADynamicSystemSettingSuccessfully" time="94.007" classname="Mccm.Pega.Calc.NBA.StartOffer.PegaTest.PegaCalcNBAStartOffDSSTest"/>
  <system-out/>
</testsuite> <!-- Mccm.Pega.Calc.NBA.StartOffer.PegaTest.PegaCalcNBAStartOffDSSTest -->
