<?xml version="1.0" encoding="UTF-8"?>
<!-- Generated by org.testng.reporters.JUnitReportReporter -->
<testsuite skipped="0" hostname="INSGH045PMS0" name="Mccm.Pega.DMPRealTime.PegaTest.PegamarktDMPrealtimeTest" tests="1" failures="0" timestamp="2020-12-18T11:01:56 IST" time="129.897" errors="0">
  <testcase name="VerifyDMPrealtimeRunSuccessfully" time="129.897" classname="Mccm.Pega.DMPRealTime.PegaTest.PegamarktDMPrealtimeTest"/>
  <system-out/>
</testsuite> <!-- Mccm.Pega.DMPRealTime.PegaTest.PegamarktDMPrealtimeTest -->
