<?xml version="1.0" encoding="UTF-8"?>
<!-- Generated by org.testng.reporters.JUnitReportReporter -->
<testsuite skipped="0" hostname="INSGH045PMS0" name="Mccm.Pega.Outbound.PegaTest.PegaMrktNBAReSchdTest" tests="1" failures="0" timestamp="2020-10-01T19:27:08 IST" time="509.872" errors="0">
  <testcase name="VerifyNBACampReScheduleRunSuccessfully" time="509.872" classname="Mccm.Pega.Outbound.PegaTest.PegaMrktNBAReSchdTest"/>
  <system-out/>
</testsuite> <!-- Mccm.Pega.Outbound.PegaTest.PegaMrktNBAReSchdTest -->
