<?xml version="1.0" encoding="UTF-8"?>
<!-- Generated by org.testng.reporters.JUnitReportReporter -->
<testsuite skipped="0" hostname="IN5CD94237KD" name="Mccm.Pega.OSF.PegaTest.PegaPreChkValidOSFCampCdTest" tests="1" failures="0" timestamp="2021-04-27T18:03:22 IST" time="60.358" errors="0">
  <testcase name="VerifyOSFPreCheckCampCodeValueValidSuccessfully" time="60.358" classname="Mccm.Pega.OSF.PegaTest.PegaPreChkValidOSFCampCdTest"/>
  <system-out/>
</testsuite> <!-- Mccm.Pega.OSF.PegaTest.PegaPreChkValidOSFCampCdTest -->
