<?xml version="1.0" encoding="UTF-8"?>
<!-- Generated by org.testng.reporters.JUnitReportReporter -->
<testsuite skipped="0" hostname="INSGH045PMS0" name="Mccm.RESTful.APICall.DMPRTPNBAProOfferRlts" tests="1" failures="0" timestamp="2020-12-03T18:46:41 IST" time="4.486" errors="0">
  <testcase name="VerifyDMPRTPNBAMobHashedAPIcallSuccessfully" time="4.486" classname="Mccm.RESTful.APICall.DMPRTPNBAProOfferRlts"/>
  <system-out/>
</testsuite> <!-- Mccm.RESTful.APICall.DMPRTPNBAProOfferRlts -->
