<?xml version="1.0" encoding="UTF-8"?>
<!-- Generated by org.testng.reporters.JUnitReportReporter -->
<testsuite skipped="0" hostname="INSGH045PMS0" name="Mccm.Pega.CalcNBAandStartOfferFlow.PegaTest.CalcNBAStOffFlowCableTest" tests="1" failures="0" timestamp="2020-11-24T13:27:07 IST" time="0.657" errors="0">
  <testcase name="VerifyCalcNBAandStartOfferFlowCableAPIcallSuccessfully" time="0.657" classname="Mccm.Pega.CalcNBAandStartOfferFlow.PegaTest.CalcNBAStOffFlowCableTest"/>
  <system-out/>
</testsuite> <!-- Mccm.Pega.CalcNBAandStartOfferFlow.PegaTest.CalcNBAStOffFlowCableTest -->
