<?xml version="1.0" encoding="UTF-8"?>
<!-- Generated by org.testng.reporters.JUnitReportReporter -->
<testsuite skipped="0" hostname="INSGH045PMS0" name="Mccm.Pega.Outbound.PegaTest.LoginPageTest" tests="3" failures="0" timestamp="2021-01-18T18:14:35 IST" time="25.993" errors="0">
  <testcase name="VerifyLoginPageTitleTest" time="6.231" classname="Mccm.Pega.Outbound.PegaTest.LoginPageTest"/>
  <testcase name="VerifyPegaLogoTest" time="6.660" classname="Mccm.Pega.Outbound.PegaTest.LoginPageTest"/>
  <testcase name="VerifyLoginSuccessfulTest" time="13.102" classname="Mccm.Pega.Outbound.PegaTest.LoginPageTest"/>
</testsuite> <!-- Mccm.Pega.Outbound.PegaTest.LoginPageTest -->
