<?xml version="1.0" encoding="UTF-8"?>
<!-- Generated by org.testng.reporters.JUnitReportReporter -->
<testsuite skipped="0" hostname="IN5CD94237KD" name="Mccm.Pega.OSF.PegaTest.OSFAPICallGetNBAMultiAccTest" tests="1" failures="0" timestamp="2021-03-22T15:42:15 IST" time="9.029" errors="0">
  <testcase name="VerifyOSFRealtimeNBAMultipleAccountsAPIcallSuccessfully" time="9.029" classname="Mccm.Pega.OSF.PegaTest.OSFAPICallGetNBAMultiAccTest"/>
  <system-out/>
</testsuite> <!-- Mccm.Pega.OSF.PegaTest.OSFAPICallGetNBAMultiAccTest -->
