<?xml version="1.0" encoding="UTF-8"?>
<!-- Generated by org.testng.reporters.JUnitReportReporter -->
<testsuite skipped="0" hostname="INSGH045PMS0" name="Mccm.Pega.Outbound.PegaTest.PegamarktingTest" tests="1" failures="0" timestamp="2021-01-18T18:14:35 IST" time="754.407" errors="0">
  <testcase name="VerifyNBACampaignRunSuccessfully" time="754.407" classname="Mccm.Pega.Outbound.PegaTest.PegamarktingTest"/>
</testsuite> <!-- Mccm.Pega.Outbound.PegaTest.PegamarktingTest -->
