<?xml version="1.0" encoding="UTF-8"?>
<!-- Generated by org.testng.reporters.JUnitReportReporter -->
<testsuite skipped="0" hostname="IN5CD94237KD" name="Mccm.Pega.OSF.PegaTest.PegaOSFDMCCMSettingTest" tests="1" failures="0" timestamp="2021-04-28T15:14:34 IST" time="42.663" errors="0">
  <testcase name="VerifyOSFDMCCMSettingDSSSuccessfully" time="42.663" classname="Mccm.Pega.OSF.PegaTest.PegaOSFDMCCMSettingTest"/>
  <system-out/>
</testsuite> <!-- Mccm.Pega.OSF.PegaTest.PegaOSFDMCCMSettingTest -->
