<?xml version="1.0" encoding="UTF-8"?>
<!-- Generated by org.testng.reporters.JUnitReportReporter -->
<testsuite skipped="0" hostname="IN5CD94237KD" name="Mccm.Pega.OSF.PegaTest.PegaPreChkValidOSFCampCdTest" tests="1" failures="0" timestamp="2021-02-24T17:51:00 IST" time="12073.654" errors="1">
  <testcase name="VerifyPreCheckDMPRTCampCodeValueValidSuccessfully" time="12073.654" classname="Mccm.Pega.OSF.PegaTest.PegaPreChkValidOSFCampCdTest">
    <error type="java.lang.OutOfMemoryError" message="Java heap space">
      <![CDATA[java.lang.OutOfMemoryError: Java heap space
at com.sun.org.apache.xerces.internal.dom.DeferredDocumentImpl.getNodeObject(DeferredDocumentImpl.java:982)
at com.sun.org.apache.xerces.internal.dom.DeferredDocumentImpl.synchronizeChildren(DeferredDocumentImpl.java:1720)
at com.sun.org.apache.xerces.internal.dom.DeferredElementNSImpl.synchronizeChildren(DeferredElementNSImpl.java:159)
at com.sun.org.apache.xerces.internal.dom.ParentNode.getFirstChild(ParentNode.java:229)
at org.apache.xmlbeans.impl.store.Locale.loadNodeChildren(Locale.java:1402)
at org.apache.xmlbeans.impl.store.Locale.loadNode(Locale.java:1445)
at org.apache.xmlbeans.impl.store.Locale.loadNodeChildren(Locale.java:1403)
at org.apache.xmlbeans.impl.store.Locale.loadNode(Locale.java:1445)
at org.apache.xmlbeans.impl.store.Locale.parseToXmlObject(Locale.java:1385)
at org.apache.xmlbeans.impl.store.Locale.parseToXmlObject(Locale.java:1370)
at org.apache.xmlbeans.impl.schema.SchemaTypeLoaderBase.parse(SchemaTypeLoaderBase.java:370)
at org.apache.poi.POIXMLTypeLoader.parse(POIXMLTypeLoader.java:164)
at org.openxmlformats.schemas.spreadsheetml.x2006.main.WorksheetDocument$Factory.parse(Unknown Source)
at org.apache.poi.xssf.usermodel.XSSFSheet.read(XSSFSheet.java:226)
at org.apache.poi.xssf.usermodel.XSSFSheet.onDocumentRead(XSSFSheet.java:218)
at org.apache.poi.xssf.usermodel.XSSFWorkbook.parseSheet(XSSFWorkbook.java:443)
at org.apache.poi.xssf.usermodel.XSSFWorkbook.onDocumentRead(XSSFWorkbook.java:408)
at org.apache.poi.POIXMLDocument.load(POIXMLDocument.java:169)
at org.apache.poi.xssf.usermodel.XSSFWorkbook.<init>(XSSFWorkbook.java:300)
at Mccm.Pega.OSF.PegaPreChkValidOSFCampCd.PreChkValdOSFCampCd(PegaPreChkValidOSFCampCd.java:207)
at Mccm.Pega.OSF.PegaTest.PegaPreChkValidOSFCampCdTest.VerifyPreCheckDMPRTCampCodeValueValidSuccessfully(PegaPreChkValidOSFCampCdTest.java:67)
at sun.reflect.NativeMethodAccessorImpl.invoke0(Native Method)
at sun.reflect.NativeMethodAccessorImpl.invoke(NativeMethodAccessorImpl.java:62)
at sun.reflect.DelegatingMethodAccessorImpl.invoke(DelegatingMethodAccessorImpl.java:43)
at java.lang.reflect.Method.invoke(Method.java:498)
at org.testng.internal.MethodInvocationHelper.invokeMethod(MethodInvocationHelper.java:135)
at org.testng.internal.TestInvoker.invokeMethod(TestInvoker.java:598)
at org.testng.internal.TestInvoker.invokeTestMethod(TestInvoker.java:174)
at org.testng.internal.MethodRunner.runInSequence(MethodRunner.java:46)
at org.testng.internal.TestInvoker$MethodInvocationAgent.invoke(TestInvoker.java:821)
at org.testng.internal.TestInvoker.invokeTestMethods(TestInvoker.java:147)
at org.testng.internal.TestMethodWorker.invokeTestMethods(TestMethodWorker.java:146)
]]>
    </error>
  </testcase> <!-- VerifyPreCheckDMPRTCampCodeValueValidSuccessfully -->
  <system-out/>
</testsuite> <!-- Mccm.Pega.OSF.PegaTest.PegaPreChkValidOSFCampCdTest -->
