<?xml version="1.0" encoding="UTF-8"?>
<!-- Generated by org.testng.reporters.JUnitReportReporter -->
<testsuite skipped="0" hostname="IN5CD94237KD" name="Mccm.Pega.Calc.NBA.StartOffer.PegaTest.PegaCalcNBAAPIVldtMOBBANTest" tests="1" failures="0" timestamp="2021-06-17T15:47:12 IST" time="183.606" errors="0">
  <testcase name="VerifyPegaCalcNBAandStartOffAPIVldtTestSuccessfully" time="183.606" classname="Mccm.Pega.Calc.NBA.StartOffer.PegaTest.PegaCalcNBAAPIVldtMOBBANTest"/>
  <system-out/>
</testsuite> <!-- Mccm.Pega.Calc.NBA.StartOffer.PegaTest.PegaCalcNBAAPIVldtMOBBANTest -->
