<?xml version="1.0" encoding="UTF-8"?>
<!-- Generated by org.testng.reporters.JUnitReportReporter -->
<testsuite skipped="0" hostname="INSGH045PMS0" name="Mccm.Unix.Outbound.App_Unix_Outbound_Extract_Test" tests="1" failures="0" timestamp="2020-11-04T15:29:07 IST" time="31.896" errors="0">
  <testcase name="VerifyExtracDataLoadedSuccessfully" time="31.896" classname="Mccm.Unix.Outbound.App_Unix_Outbound_Extract_Test"/>
  <system-out/>
</testsuite> <!-- Mccm.Unix.Outbound.App_Unix_Outbound_Extract_Test -->
