<?xml version="1.0" encoding="UTF-8"?>
<!-- Generated by org.testng.reporters.JUnitReportReporter -->
<testsuite skipped="0" hostname="INSGH045PMS0" name="Mccm.Pega.CalcNBAandStartOfferFlow.PegaTest.PegaCalcNBAStartOffDSSTest" tests="1" failures="0" timestamp="2021-01-06T18:31:22 IST" time="85.103" errors="0">
  <testcase name="VerifyDynamicSystemSettingSuccessfully" time="85.103" classname="Mccm.Pega.CalcNBAandStartOfferFlow.PegaTest.PegaCalcNBAStartOffDSSTest"/>
  <system-out/>
</testsuite> <!-- Mccm.Pega.CalcNBAandStartOfferFlow.PegaTest.PegaCalcNBAStartOffDSSTest -->
