<?xml version="1.0" encoding="UTF-8"?>
<!-- Generated by org.testng.reporters.JUnitReportReporter -->
<testsuite skipped="0" hostname="INSGH045PMS0" name="Mccm.Pega.CalcNBAandStartOfferFlow.PegaTest.APICallCalcNBAStOffFlowCableTest" tests="1" failures="0" timestamp="2021-01-05T16:56:52 IST" time="21.693" errors="0">
  <testcase name="VerifyCalcNBAandStartOfferFlowCableAPIcallSuccessfully" time="21.693" classname="Mccm.Pega.CalcNBAandStartOfferFlow.PegaTest.APICallCalcNBAStOffFlowCableTest"/>
  <system-out/>
</testsuite> <!-- Mccm.Pega.CalcNBAandStartOfferFlow.PegaTest.APICallCalcNBAStOffFlowCableTest -->
