<?xml version="1.0" encoding="UTF-8"?>
<!-- Generated by org.testng.reporters.JUnitReportReporter -->
<testsuite skipped="0" hostname="INSGH045PMS0" name="Demo.APIRestful.DemoDMPRTProcessOfferResult" tests="1" failures="0" timestamp="2020-10-05T17:21:05 IST" time="3.438" errors="0">
  <testcase name="test" time="3.438" classname="Demo.APIRestful.DemoDMPRTProcessOfferResult"/>
  <system-out/>
</testsuite> <!-- Demo.APIRestful.DemoDMPRTProcessOfferResult -->
