<?xml version="1.0" encoding="UTF-8"?>
<!-- Generated by org.testng.reporters.JUnitReportReporter -->
<testsuite skipped="0" hostname="INSGH045PMS0" name="Demo.APIRestful.DemoDMPRTNBARestAPIGitTest" tests="1" failures="0" timestamp="2020-11-18T10:40:17 IST" time="0.846" errors="0">
  <testcase name="test" time="0.846" classname="Demo.APIRestful.DemoDMPRTNBARestAPIGitTest"/>
  <system-out/>
</testsuite> <!-- Demo.APIRestful.DemoDMPRTNBARestAPIGitTest -->
