<?xml version="1.0" encoding="UTF-8"?>
<!-- Generated by org.testng.reporters.JUnitReportReporter -->
<testsuite skipped="0" hostname="INSGH045PMS0" name="Mccm.Unix.Outbound.App_Unix_Outbound_Extract_Test" tests="1" failures="0" timestamp="2020-10-19T11:05:51 IST" time="43.895" errors="0">
  <testcase name="VerifyExtracDataLoadedSuccessfully" time="43.895" classname="Mccm.Unix.Outbound.App_Unix_Outbound_Extract_Test"/>
  <system-out/>
</testsuite> <!-- Mccm.Unix.Outbound.App_Unix_Outbound_Extract_Test -->
