<?xml version="1.0" encoding="UTF-8"?>
<!-- Generated by org.testng.reporters.JUnitReportReporter -->
<testsuite skipped="0" hostname="INSGH045PMS0" name="Mccm.Pega.CalcNBAandStartOfferFlow.PegaTest.CalcNBAStartOffDSSTest" tests="1" failures="0" timestamp="2021-01-06T18:26:53 IST" time="99.509" errors="0">
  <testcase name="VerifyDynamicSystemSettingSuccessfully" time="99.509" classname="Mccm.Pega.CalcNBAandStartOfferFlow.PegaTest.CalcNBAStartOffDSSTest"/>
  <system-out/>
</testsuite> <!-- Mccm.Pega.CalcNBAandStartOfferFlow.PegaTest.CalcNBAStartOffDSSTest -->
