<?xml version="1.0" encoding="UTF-8"?>
<!-- Generated by org.testng.reporters.JUnitReportReporter -->
<testsuite skipped="0" hostname="IN5CD94237KD" name="Mccm.Pega.Calc.NBA.StartOffer.PegaTest.PegaCalcNBAAPIVldtMOBBANTest" tests="1" failures="0" timestamp="2021-06-14T16:03:12 IST" time="123.231" errors="0">
  <testcase name="VerifyPegaCalcNBAandStartOffAPIVldtTestSuccessfully" time="123.231" classname="Mccm.Pega.Calc.NBA.StartOffer.PegaTest.PegaCalcNBAAPIVldtMOBBANTest"/>
  <system-out/>
</testsuite> <!-- Mccm.Pega.Calc.NBA.StartOffer.PegaTest.PegaCalcNBAAPIVldtMOBBANTest -->
