<?xml version="1.0" encoding="UTF-8"?>
<!-- Generated by org.testng.reporters.JUnitReportReporter -->
<testsuite skipped="0" hostname="INSGH045PMS0" name="DemoEtEFlow.Testcase.PageMrktEtoEFlowIntraHistry" tests="1" failures="0" timestamp="2020-11-19T16:19:46 IST" time="81.870" errors="0">
  <testcase name="NBABatchCampaignInboundSuccessfull" time="81.870" classname="DemoEtEFlow.Testcase.PageMrktEtoEFlowIntraHistry"/>
  <system-out/>
</testsuite> <!-- DemoEtEFlow.Testcase.PageMrktEtoEFlowIntraHistry -->
