<?xml version="1.0" encoding="UTF-8"?>
<!-- Generated by org.testng.reporters.JUnitReportReporter -->
<testsuite skipped="0" hostname="IN5CD94237KD" name="Mccm.Pega.OSF.PegaTest.PegaOSFDMCCMSettingTest" tests="1" failures="0" timestamp="2021-02-24T14:06:24 IST" time="83.149" errors="0">
  <testcase name="VerifyOSFDMCCMSettingDSSSuccessfully" time="83.149" classname="Mccm.Pega.OSF.PegaTest.PegaOSFDMCCMSettingTest"/>
  <system-out/>
</testsuite> <!-- Mccm.Pega.OSF.PegaTest.PegaOSFDMCCMSettingTest -->
