<?xml version="1.0" encoding="UTF-8"?>
<!-- Generated by org.testng.reporters.JUnitReportReporter -->
<testsuite skipped="0" hostname="IN5CD94237KD" name="Mccm.Pega.OSF.PegaTest.PegaOSFOutcomeAcceptedAPIVldTest" tests="1" failures="0" timestamp="2021-05-20T19:53:30 IST" time="134.852" errors="0">
  <testcase name="VerifyOSFOutcomeAPIAcceptedValidationRunSuccessfully" time="134.852" classname="Mccm.Pega.OSF.PegaTest.PegaOSFOutcomeAcceptedAPIVldTest"/>
  <system-out/>
</testsuite> <!-- Mccm.Pega.OSF.PegaTest.PegaOSFOutcomeAcceptedAPIVldTest -->
