<?xml version="1.0" encoding="UTF-8"?>
<!-- Generated by org.testng.reporters.JUnitReportReporter -->
<testsuite skipped="0" hostname="IN5CD94237KD" name="Mccm.Unix.Outbound.PreDataSetup_DBLoad_Test" tests="1" failures="0" timestamp="2021-04-30T12:31:26 IST" time="3.657" errors="0">
  <testcase name="VerifyOutboundPreDatasetupDBLoadsuccessfully" time="3.657" classname="Mccm.Unix.Outbound.PreDataSetup_DBLoad_Test"/>
  <system-out/>
</testsuite> <!-- Mccm.Unix.Outbound.PreDataSetup_DBLoad_Test -->
