<?xml version="1.0" encoding="UTF-8"?>
<!-- Generated by org.testng.reporters.JUnitReportReporter -->
<testsuite skipped="0" hostname="INSGH045PMS0" name="Mccm.Pega.ScreenLog.Captured.ScreenShotsCaptured" tests="1" failures="0" timestamp="2020-12-11T12:10:45 IST" time="39.674" errors="0">
  <testcase name="ScreenShotsCaptured" time="39.674" classname="Mccm.Pega.ScreenLog.Captured.ScreenShotsCaptured"/>
  <system-out/>
</testsuite> <!-- Mccm.Pega.ScreenLog.Captured.ScreenShotsCaptured -->
