<?xml version="1.0" encoding="UTF-8"?>
<!-- Generated by org.testng.reporters.JUnitReportReporter -->
<testsuite skipped="0" hostname="INSGH045PMS0" name="Mccm.Unix.Outbound.App_Unix_Outbound_Extract_Test" tests="1" failures="0" timestamp="2020-10-13T18:32:46 IST" time="62.952" errors="0">
  <testcase name="VerifyExtracDataLoadedSuccessfully" time="62.952" classname="Mccm.Unix.Outbound.App_Unix_Outbound_Extract_Test"/>
</testsuite> <!-- Mccm.Unix.Outbound.App_Unix_Outbound_Extract_Test -->
