<?xml version="1.0" encoding="UTF-8"?>
<!-- Generated by org.testng.reporters.JUnitReportReporter -->
<testsuite skipped="0" hostname="INSGH045PMS0" name="Mccm.Pega.Outbound.PegaTest.LoginPageTest" tests="3" failures="0" timestamp="2020-10-13T18:32:46 IST" time="46.775" errors="0">
  <testcase name="VerifyLoginPageTitleTest" time="10.863" classname="Mccm.Pega.Outbound.PegaTest.LoginPageTest"/>
  <testcase name="VerifyPegaLogoTest" time="9.514" classname="Mccm.Pega.Outbound.PegaTest.LoginPageTest"/>
  <testcase name="VerifyLoginSuccessfulTest" time="26.398" classname="Mccm.Pega.Outbound.PegaTest.LoginPageTest"/>
</testsuite> <!-- Mccm.Pega.Outbound.PegaTest.LoginPageTest -->
