<?xml version="1.0" encoding="UTF-8"?>
<!-- Generated by org.testng.reporters.JUnitReportReporter -->
<testsuite skipped="0" hostname="INSGH045PMS0" name="Mccm.Unix.Inbound.App_Inbound_DMP_Test" tests="1" failures="0" timestamp="2020-10-13T18:32:46 IST" time="50.651" errors="0">
  <testcase name="VerifyDMPFileLoadSuccessfully" time="50.651" classname="Mccm.Unix.Inbound.App_Inbound_DMP_Test"/>
</testsuite> <!-- Mccm.Unix.Inbound.App_Inbound_DMP_Test -->
